{"C:\\Users\\v.cristiane.ribeiro\\Documents\\Studies\\alura-challenges\\back-end\\api-jornada-milhas\\src\\app.ts": {"path":"C:\\Users\\v.cristiane.ribeiro\\Documents\\Studies\\alura-challenges\\back-end\\api-jornada-milhas\\src\\app.ts","statementMap":{"0":{"start":{"line":1,"column":0},"end":{"line":1,"column":30}},"1":{"start":{"line":2,"column":0},"end":{"line":2,"column":30}},"2":{"start":{"line":3,"column":0},"end":{"line":3,"column":53}},"3":{"start":{"line":4,"column":0},"end":{"line":4,"column":26}},"4":{"start":{"line":5,"column":0},"end":{"line":5,"column":48}},"5":{"start":{"line":6,"column":0},"end":{"line":6,"column":54}},"6":{"start":{"line":8,"column":0},"end":{"line":10,"column":42}},"7":{"start":{"line":9,"column":18},"end":{"line":9,"column":59}},"8":{"start":{"line":10,"column":22},"end":{"line":10,"column":40}},"9":{"start":{"line":12,"column":12},"end":{"line":12,"column":21}},"10":{"start":{"line":14,"column":0},"end":{"line":14,"column":12}},"11":{"start":{"line":16,"column":0},"end":{"line":16,"column":24}},"12":{"start":{"line":17,"column":0},"end":{"line":17,"column":19}},"13":{"start":{"line":18,"column":0},"end":{"line":18,"column":22}},"14":{"start":{"line":21,"column":0},"end":{"line":21,"column":19}}},"fnMap":{"0":{"name":"(anonymous_1)","decl":{"start":{"line":9,"column":10},"end":{"line":9,"column":13}},"loc":{"start":{"line":9,"column":15},"end":{"line":9,"column":61}}},"1":{"name":"(anonymous_2)","decl":{"start":{"line":10,"column":11},"end":{"line":10,"column":12}},"loc":{"start":{"line":10,"column":22},"end":{"line":10,"column":40}}}},"branchMap":{},"s":{"0":2,"1":2,"2":2,"3":2,"4":2,"5":2,"6":2,"7":2,"8":0,"9":2,"10":2,"11":2,"12":2,"13":2,"14":2},"f":{"0":2,"1":0},"b":{}}
,"C:\\Users\\v.cristiane.ribeiro\\Documents\\Studies\\alura-challenges\\back-end\\api-jornada-milhas\\src\\server.ts": {"path":"C:\\Users\\v.cristiane.ribeiro\\Documents\\Studies\\alura-challenges\\back-end\\api-jornada-milhas\\src\\server.ts","statementMap":{"0":{"start":{"line":1,"column":0},"end":{"line":1,"column":24}},"1":{"start":{"line":2,"column":0},"end":{"line":2,"column":24}},"2":{"start":{"line":4,"column":21},"end":{"line":4,"column":52}},"3":{"start":{"line":15,"column":4},"end":{"line":15,"column":8}},"4":{"start":{"line":6,"column":0},"end":{"line":12,"column":null}},"5":{"start":{"line":8,"column":4},"end":{"line":10,"column":7}},"6":{"start":{"line":9,"column":8},"end":{"line":9,"column":61}}},"fnMap":{"0":{"name":"(anonymous_1)","decl":{"start":{"line":8,"column":40},"end":{"line":8,"column":43}},"loc":{"start":{"line":8,"column":45},"end":{"line":10,"column":5}}}},"branchMap":{"0":{"loc":{"start":{"line":6,"column":0},"end":{"line":12,"column":null}},"type":"if","locations":[{"start":{"line":6,"column":0},"end":{"line":12,"column":null}}]}},"s":{"0":2,"1":2,"2":2,"3":2,"4":2,"5":0,"6":0},"f":{"0":0},"b":{"0":[0]}}
,"C:\\Users\\v.cristiane.ribeiro\\Documents\\Studies\\alura-challenges\\back-end\\api-jornada-milhas\\src\\config\\cors-options.ts": {"path":"C:\\Users\\v.cristiane.ribeiro\\Documents\\Studies\\alura-challenges\\back-end\\api-jornada-milhas\\src\\config\\cors-options.ts","statementMap":{"0":{"start":{"line":3,"column":18},"end":{"line":6,"column":2}},"1":{"start":{"line":8,"column":34},"end":{"line":16,"column":null}},"2":{"start":{"line":10,"column":8},"end":{"line":14,"column":null}},"3":{"start":{"line":11,"column":12},"end":{"line":11,"column":33}},"4":{"start":{"line":13,"column":12},"end":{"line":13,"column":59}},"5":{"start":{"line":19,"column":4},"end":{"line":19,"column":14}}},"fnMap":{"0":{"name":"(anonymous_0)","decl":{"start":{"line":9,"column":12},"end":{"line":9,"column":13}},"loc":{"start":{"line":9,"column":51},"end":{"line":15,"column":5}}}},"branchMap":{"0":{"loc":{"start":{"line":10,"column":8},"end":{"line":14,"column":null}},"type":"if","locations":[{"start":{"line":10,"column":8},"end":{"line":14,"column":null}},{"start":{"line":12,"column":15},"end":{"line":14,"column":null}}]},"1":{"loc":{"start":{"line":10,"column":11},"end":{"line":10,"column":54}},"type":"binary-expr","locations":[{"start":{"line":10,"column":11},"end":{"line":10,"column":43}},{"start":{"line":10,"column":47},"end":{"line":10,"column":54}}]}},"s":{"0":2,"1":2,"2":14,"3":14,"4":0,"5":2},"f":{"0":14},"b":{"0":[14,0],"1":[14,14]}}
,"C:\\Users\\v.cristiane.ribeiro\\Documents\\Studies\\alura-challenges\\back-end\\api-jornada-milhas\\src\\config\\data-source.ts": {"path":"C:\\Users\\v.cristiane.ribeiro\\Documents\\Studies\\alura-challenges\\back-end\\api-jornada-milhas\\src\\config\\data-source.ts","statementMap":{"0":{"start":{"line":1,"column":0},"end":{"line":1,"column":37}},"1":{"start":{"line":2,"column":0},"end":{"line":2,"column":34}},"2":{"start":{"line":3,"column":0},"end":{"line":3,"column":36}},"3":{"start":{"line":4,"column":0},"end":{"line":4,"column":48}},"4":{"start":{"line":6,"column":17},"end":{"line":8,"column":null}},"5":{"start":{"line":10,"column":22},"end":{"line":20,"column":2}},"6":{"start":{"line":24,"column":9},"end":{"line":24,"column":22}},"7":{"start":{"line":22,"column":16},"end":{"line":22,"column":37}},"8":{"start":{"line":24,"column":24},"end":{"line":24,"column":31}}},"fnMap":{},"branchMap":{},"s":{"0":2,"1":2,"2":2,"3":2,"4":2,"5":2,"6":2,"7":2,"8":2},"f":{},"b":{}}
,"C:\\Users\\v.cristiane.ribeiro\\Documents\\Studies\\alura-challenges\\back-end\\api-jornada-milhas\\src\\controllers\\ImagesController.ts": {"path":"C:\\Users\\v.cristiane.ribeiro\\Documents\\Studies\\alura-challenges\\back-end\\api-jornada-milhas\\src\\controllers\\ImagesController.ts","statementMap":{"0":{"start":{"line":1,"column":0},"end":{"line":1,"column":48}},"1":{"start":{"line":3,"column":0},"end":{"line":3,"column":56}},"2":{"start":{"line":4,"column":0},"end":{"line":4,"column":46}},"3":{"start":{"line":9,"column":2},"end":{"line":13,"column":null}},"4":{"start":{"line":10,"column":3},"end":{"line":10,"column":40}},"5":{"start":{"line":12,"column":3},"end":{"line":12,"column":15}},"6":{"start":{"line":19,"column":2},"end":{"line":29,"column":null}},"7":{"start":{"line":20,"column":27},"end":{"line":20,"column":60}},"8":{"start":{"line":21,"column":24},"end":{"line":23,"column":5}},"9":{"start":{"line":24,"column":3},"end":{"line":24,"column":31}},"10":{"start":{"line":26,"column":3},"end":{"line":26,"column":37}},"11":{"start":{"line":28,"column":3},"end":{"line":28,"column":15}},"12":{"start":{"line":35,"column":2},"end":{"line":49,"column":null}},"13":{"start":{"line":37,"column":3},"end":{"line":45,"column":null}},"14":{"start":{"line":38,"column":4},"end":{"line":38,"column":16}},"15":{"start":{"line":40,"column":23},"end":{"line":40,"column":43}},"16":{"start":{"line":41,"column":21},"end":{"line":41,"column":38}},"17":{"start":{"line":42,"column":19},"end":{"line":42,"column":72}},"18":{"start":{"line":43,"column":4},"end":{"line":43,"column":null}},"19":{"start":{"line":44,"column":4},"end":{"line":44,"column":18}},"20":{"start":{"line":48,"column":3},"end":{"line":48,"column":15}},"21":{"start":{"line":54,"column":22},"end":{"line":54,"column":66}},"22":{"start":{"line":55,"column":2},"end":{"line":64,"column":null}},"23":{"start":{"line":56,"column":3},"end":{"line":61,"column":7}},"24":{"start":{"line":58,"column":18},"end":{"line":58,"column":31}},"25":{"start":{"line":60,"column":5},"end":{"line":60,"column":26}},"26":{"start":{"line":63,"column":3},"end":{"line":63,"column":15}},"27":{"start":{"line":69,"column":0},"end":{"line":69,"column":32}}},"fnMap":{"0":{"name":"(anonymous_1)","decl":{"start":{"line":7,"column":1},"end":{"line":7,"column":7}},"loc":{"start":{"line":7,"column":38},"end":{"line":15,"column":2}}},"1":{"name":"(anonymous_2)","decl":{"start":{"line":17,"column":1},"end":{"line":17,"column":7}},"loc":{"start":{"line":17,"column":59},"end":{"line":31,"column":2}}},"2":{"name":"(anonymous_3)","decl":{"start":{"line":33,"column":1},"end":{"line":33,"column":7}},"loc":{"start":{"line":33,"column":53},"end":{"line":50,"column":2}}},"3":{"name":"(anonymous_4)","decl":{"start":{"line":52,"column":1},"end":{"line":52,"column":7}},"loc":{"start":{"line":52,"column":31},"end":{"line":66,"column":2}}},"4":{"name":"(anonymous_5)","decl":{"start":{"line":58,"column":10},"end":{"line":58,"column":11}},"loc":{"start":{"line":58,"column":18},"end":{"line":58,"column":31}}},"5":{"name":"(anonymous_6)","decl":{"start":{"line":59,"column":11},"end":{"line":59,"column":12}},"loc":{"start":{"line":59,"column":21},"end":{"line":61,"column":5}}}},"branchMap":{"0":{"loc":{"start":{"line":37,"column":3},"end":{"line":45,"column":null}},"type":"if","locations":[{"start":{"line":37,"column":3},"end":{"line":45,"column":null}},{"start":{"line":39,"column":10},"end":{"line":45,"column":null}}]},"1":{"loc":{"start":{"line":37,"column":6},"end":{"line":37,"column":51}},"type":"binary-expr","locations":[{"start":{"line":37,"column":6},"end":{"line":37,"column":24}},{"start":{"line":37,"column":28},"end":{"line":37,"column":51}}]}},"s":{"0":2,"1":2,"2":2,"3":0,"4":0,"5":0,"6":0,"7":0,"8":0,"9":0,"10":0,"11":0,"12":0,"13":0,"14":0,"15":0,"16":0,"17":0,"18":0,"19":0,"20":0,"21":0,"22":0,"23":0,"24":0,"25":0,"26":0,"27":2},"f":{"0":0,"1":0,"2":0,"3":0,"4":0,"5":0},"b":{"0":[0,0],"1":[0,0]}}
,"C:\\Users\\v.cristiane.ribeiro\\Documents\\Studies\\alura-challenges\\back-end\\api-jornada-milhas\\src\\controllers\\TestimonialsController.ts": {"path":"C:\\Users\\v.cristiane.ribeiro\\Documents\\Studies\\alura-challenges\\back-end\\api-jornada-milhas\\src\\controllers\\TestimonialsController.ts","statementMap":{"0":{"start":{"line":2,"column":0},"end":{"line":2,"column":68}},"1":{"start":{"line":3,"column":0},"end":{"line":3,"column":67}},"2":{"start":{"line":4,"column":0},"end":{"line":4,"column":48}},"3":{"start":{"line":5,"column":0},"end":{"line":5,"column":48}},"4":{"start":{"line":7,"column":0},"end":{"line":7,"column":42}},"5":{"start":{"line":15,"column":2},"end":{"line":32,"column":null}},"6":{"start":{"line":16,"column":25},"end":{"line":24,"column":null}},"7":{"start":{"line":24,"column":5},"end":{"line":24,"column":59}},"8":{"start":{"line":24,"column":28},"end":{"line":24,"column":58}},"9":{"start":{"line":27,"column":3},"end":{"line":29,"column":27}},"10":{"start":{"line":31,"column":3},"end":{"line":31,"column":15}},"11":{"start":{"line":40,"column":22},"end":{"line":40,"column":32}},"12":{"start":{"line":42,"column":2},"end":{"line":56,"column":null}},"13":{"start":{"line":43,"column":22},"end":{"line":49,"column":5}},"14":{"start":{"line":51,"column":3},"end":{"line":53,"column":66}},"15":{"start":{"line":55,"column":3},"end":{"line":55,"column":22}},"16":{"start":{"line":64,"column":32},"end":{"line":64,"column":40}},"17":{"start":{"line":65,"column":26},"end":{"line":65,"column":62}},"18":{"start":{"line":67,"column":2},"end":{"line":87,"column":null}},"19":{"start":{"line":68,"column":22},"end":{"line":68,"column":53}},"20":{"start":{"line":69,"column":3},"end":{"line":84,"column":null}},"21":{"start":{"line":70,"column":27},"end":{"line":70,"column":54}},"22":{"start":{"line":71,"column":29},"end":{"line":72,"column":null}},"23":{"start":{"line":74,"column":4},"end":{"line":77,"column":7}},"24":{"start":{"line":79,"column":4},"end":{"line":83,"column":6}},"25":{"start":{"line":86,"column":3},"end":{"line":86,"column":22}},"26":{"start":{"line":95,"column":22},"end":{"line":95,"column":32}},"27":{"start":{"line":96,"column":24},"end":{"line":96,"column":32}},"28":{"start":{"line":97,"column":26},"end":{"line":97,"column":62}},"29":{"start":{"line":99,"column":2},"end":{"line":118,"column":null}},"30":{"start":{"line":101,"column":4},"end":{"line":101,"column":49}},"31":{"start":{"line":102,"column":3},"end":{"line":115,"column":null}},"32":{"start":{"line":103,"column":4},"end":{"line":103,"column":28}},"33":{"start":{"line":104,"column":31},"end":{"line":105,"column":null}},"34":{"start":{"line":107,"column":4},"end":{"line":110,"column":7}},"35":{"start":{"line":112,"column":4},"end":{"line":114,"column":6}},"36":{"start":{"line":117,"column":3},"end":{"line":117,"column":22}},"37":{"start":{"line":126,"column":22},"end":{"line":126,"column":32}},"38":{"start":{"line":127,"column":26},"end":{"line":127,"column":66}},"39":{"start":{"line":129,"column":2},"end":{"line":141,"column":null}},"40":{"start":{"line":131,"column":4},"end":{"line":131,"column":49}},"41":{"start":{"line":133,"column":3},"end":{"line":138,"column":null}},"42":{"start":{"line":134,"column":4},"end":{"line":134,"column":52}},"43":{"start":{"line":135,"column":4},"end":{"line":135,"column":54}},"44":{"start":{"line":137,"column":4},"end":{"line":137,"column":67}},"45":{"start":{"line":140,"column":3},"end":{"line":140,"column":22}},"46":{"start":{"line":149,"column":14},"end":{"line":151,"column":75}},"47":{"start":{"line":152,"column":2},"end":{"line":160,"column":null}},"48":{"start":{"line":153,"column":25},"end":{"line":153,"column":49}},"49":{"start":{"line":155,"column":3},"end":{"line":157,"column":31}},"50":{"start":{"line":159,"column":3},"end":{"line":159,"column":15}},"51":{"start":{"line":164,"column":0},"end":{"line":164,"column":39}}},"fnMap":{"0":{"name":"(anonymous_1)","decl":{"start":{"line":10,"column":1},"end":{"line":10,"column":7}},"loc":{"start":{"line":13,"column":20},"end":{"line":33,"column":2}}},"1":{"name":"(anonymous_2)","decl":{"start":{"line":23,"column":10},"end":{"line":23,"column":11}},"loc":{"start":{"line":24,"column":5},"end":{"line":24,"column":59}}},"2":{"name":"(anonymous_3)","decl":{"start":{"line":24,"column":18},"end":{"line":24,"column":19}},"loc":{"start":{"line":24,"column":28},"end":{"line":24,"column":58}}},"3":{"name":"(anonymous_4)","decl":{"start":{"line":35,"column":1},"end":{"line":35,"column":7}},"loc":{"start":{"line":38,"column":20},"end":{"line":57,"column":2}}},"4":{"name":"(anonymous_5)","decl":{"start":{"line":59,"column":1},"end":{"line":59,"column":7}},"loc":{"start":{"line":62,"column":20},"end":{"line":88,"column":2}}},"5":{"name":"(anonymous_6)","decl":{"start":{"line":90,"column":1},"end":{"line":90,"column":7}},"loc":{"start":{"line":93,"column":20},"end":{"line":119,"column":2}}},"6":{"name":"(anonymous_7)","decl":{"start":{"line":121,"column":1},"end":{"line":121,"column":7}},"loc":{"start":{"line":124,"column":20},"end":{"line":142,"column":2}}},"7":{"name":"(anonymous_8)","decl":{"start":{"line":144,"column":1},"end":{"line":144,"column":7}},"loc":{"start":{"line":147,"column":20},"end":{"line":161,"column":2}}}},"branchMap":{"0":{"loc":{"start":{"line":27,"column":10},"end":{"line":29,"column":26}},"type":"cond-expr","locations":[{"start":{"line":28,"column":6},"end":{"line":28,"column":33}},{"start":{"line":29,"column":6},"end":{"line":29,"column":26}}]},"1":{"loc":{"start":{"line":51,"column":10},"end":{"line":53,"column":65}},"type":"cond-expr","locations":[{"start":{"line":52,"column":6},"end":{"line":52,"column":32}},{"start":{"line":53,"column":6},"end":{"line":53,"column":65}}]},"2":{"loc":{"start":{"line":69,"column":3},"end":{"line":84,"column":null}},"type":"if","locations":[{"start":{"line":69,"column":3},"end":{"line":84,"column":null}},{"start":{"line":78,"column":10},"end":{"line":84,"column":null}}]},"3":{"loc":{"start":{"line":102,"column":3},"end":{"line":115,"column":null}},"type":"if","locations":[{"start":{"line":102,"column":3},"end":{"line":115,"column":null}},{"start":{"line":111,"column":10},"end":{"line":115,"column":null}}]},"4":{"loc":{"start":{"line":133,"column":3},"end":{"line":138,"column":null}},"type":"if","locations":[{"start":{"line":133,"column":3},"end":{"line":138,"column":null}},{"start":{"line":136,"column":10},"end":{"line":138,"column":null}}]},"5":{"loc":{"start":{"line":155,"column":10},"end":{"line":157,"column":30}},"type":"cond-expr","locations":[{"start":{"line":156,"column":6},"end":{"line":156,"column":33}},{"start":{"line":157,"column":6},"end":{"line":157,"column":30}}]}},"s":{"0":2,"1":2,"2":2,"3":2,"4":2,"5":1,"6":1,"7":1,"8":8,"9":1,"10":0,"11":2,"12":2,"13":2,"14":2,"15":0,"16":2,"17":2,"18":2,"19":2,"20":2,"21":1,"22":1,"23":1,"24":1,"25":0,"26":2,"27":2,"28":2,"29":2,"30":2,"31":2,"32":1,"33":1,"34":1,"35":1,"36":0,"37":2,"38":2,"39":2,"40":2,"41":2,"42":1,"43":1,"44":1,"45":0,"46":2,"47":2,"48":2,"49":2,"50":0,"51":2},"f":{"0":1,"1":1,"2":8,"3":2,"4":2,"5":2,"6":2,"7":2},"b":{"0":[1,0],"1":[1,1],"2":[1,1],"3":[1,1],"4":[1,1],"5":[2,0]}}
,"C:\\Users\\v.cristiane.ribeiro\\Documents\\Studies\\alura-challenges\\back-end\\api-jornada-milhas\\src\\controllers\\UsersController.ts": {"path":"C:\\Users\\v.cristiane.ribeiro\\Documents\\Studies\\alura-challenges\\back-end\\api-jornada-milhas\\src\\controllers\\UsersController.ts","statementMap":{"0":{"start":{"line":2,"column":0},"end":{"line":2,"column":34}},"1":{"start":{"line":3,"column":0},"end":{"line":3,"column":36}},"2":{"start":{"line":4,"column":0},"end":{"line":4,"column":54}},"3":{"start":{"line":5,"column":0},"end":{"line":5,"column":56}},"4":{"start":{"line":6,"column":0},"end":{"line":6,"column":64}},"5":{"start":{"line":7,"column":0},"end":{"line":7,"column":50}},"6":{"start":{"line":8,"column":0},"end":{"line":8,"column":42}},"7":{"start":{"line":12,"column":2},"end":{"line":23,"column":null}},"8":{"start":{"line":13,"column":25},"end":{"line":17,"column":5}},"9":{"start":{"line":18,"column":3},"end":{"line":20,"column":31}},"10":{"start":{"line":22,"column":3},"end":{"line":22,"column":15}},"11":{"start":{"line":27,"column":24},"end":{"line":27,"column":32}},"12":{"start":{"line":28,"column":26},"end":{"line":28,"column":50}},"13":{"start":{"line":29,"column":24},"end":{"line":29,"column":48}},"14":{"start":{"line":30,"column":26},"end":{"line":30,"column":59}},"15":{"start":{"line":32,"column":2},"end":{"line":39,"column":null}},"16":{"start":{"line":33,"column":3},"end":{"line":33,"column":38}},"17":{"start":{"line":34,"column":3},"end":{"line":34,"column":45}},"18":{"start":{"line":36,"column":3},"end":{"line":36,"column":53}},"19":{"start":{"line":38,"column":3},"end":{"line":38,"column":22}},"20":{"start":{"line":43,"column":22},"end":{"line":43,"column":32}},"21":{"start":{"line":45,"column":2},"end":{"line":58,"column":null}},"22":{"start":{"line":46,"column":24},"end":{"line":51,"column":5}},"23":{"start":{"line":53,"column":3},"end":{"line":55,"column":31}},"24":{"start":{"line":57,"column":3},"end":{"line":57,"column":22}},"25":{"start":{"line":62,"column":24},"end":{"line":62,"column":32}},"26":{"start":{"line":63,"column":22},"end":{"line":63,"column":32}},"27":{"start":{"line":64,"column":26},"end":{"line":64,"column":59}},"28":{"start":{"line":66,"column":2},"end":{"line":83,"column":null}},"29":{"start":{"line":67,"column":22},"end":{"line":67,"column":60}},"30":{"start":{"line":69,"column":3},"end":{"line":80,"column":null}},"31":{"start":{"line":70,"column":4},"end":{"line":70,"column":21}},"32":{"start":{"line":72,"column":4},"end":{"line":72,"column":36}},"33":{"start":{"line":73,"column":4},"end":{"line":73,"column":58}},"34":{"start":{"line":75,"column":4},"end":{"line":75,"column":54}},"35":{"start":{"line":77,"column":4},"end":{"line":79,"column":6}},"36":{"start":{"line":82,"column":3},"end":{"line":82,"column":22}},"37":{"start":{"line":87,"column":22},"end":{"line":87,"column":32}},"38":{"start":{"line":89,"column":26},"end":{"line":89,"column":63}},"39":{"start":{"line":91,"column":2},"end":{"line":114,"column":null}},"40":{"start":{"line":92,"column":22},"end":{"line":94,"column":5}},"41":{"start":{"line":96,"column":3},"end":{"line":111,"column":null}},"42":{"start":{"line":97,"column":20},"end":{"line":97,"column":33}},"43":{"start":{"line":98,"column":21},"end":{"line":98,"column":37}},"44":{"start":{"line":100,"column":19},"end":{"line":100,"column":56}},"45":{"start":{"line":102,"column":5},"end":{"line":102,"column":60}},"46":{"start":{"line":104,"column":4},"end":{"line":106,"column":null}},"47":{"start":{"line":105,"column":5},"end":{"line":105,"column":55}},"48":{"start":{"line":108,"column":4},"end":{"line":110,"column":6}},"49":{"start":{"line":113,"column":3},"end":{"line":113,"column":22}},"50":{"start":{"line":118,"column":0},"end":{"line":118,"column":31}}},"fnMap":{"0":{"name":"(anonymous_1)","decl":{"start":{"line":11,"column":1},"end":{"line":11,"column":7}},"loc":{"start":{"line":11,"column":72},"end":{"line":24,"column":2}}},"1":{"name":"(anonymous_2)","decl":{"start":{"line":26,"column":1},"end":{"line":26,"column":7}},"loc":{"start":{"line":26,"column":69},"end":{"line":40,"column":2}}},"2":{"name":"(anonymous_3)","decl":{"start":{"line":42,"column":1},"end":{"line":42,"column":7}},"loc":{"start":{"line":42,"column":73},"end":{"line":59,"column":2}}},"3":{"name":"(anonymous_4)","decl":{"start":{"line":61,"column":1},"end":{"line":61,"column":7}},"loc":{"start":{"line":61,"column":72},"end":{"line":84,"column":2}}},"4":{"name":"(anonymous_5)","decl":{"start":{"line":86,"column":1},"end":{"line":86,"column":7}},"loc":{"start":{"line":86,"column":72},"end":{"line":115,"column":2}}}},"branchMap":{"0":{"loc":{"start":{"line":18,"column":10},"end":{"line":20,"column":30}},"type":"cond-expr","locations":[{"start":{"line":19,"column":6},"end":{"line":19,"column":33}},{"start":{"line":20,"column":6},"end":{"line":20,"column":30}}]},"1":{"loc":{"start":{"line":53,"column":10},"end":{"line":55,"column":30}},"type":"cond-expr","locations":[{"start":{"line":54,"column":6},"end":{"line":54,"column":32}},{"start":{"line":55,"column":6},"end":{"line":55,"column":30}}]},"2":{"loc":{"start":{"line":69,"column":3},"end":{"line":80,"column":null}},"type":"if","locations":[{"start":{"line":69,"column":3},"end":{"line":80,"column":null}},{"start":{"line":76,"column":10},"end":{"line":80,"column":null}}]},"3":{"loc":{"start":{"line":96,"column":3},"end":{"line":111,"column":null}},"type":"if","locations":[{"start":{"line":96,"column":3},"end":{"line":111,"column":null}},{"start":{"line":107,"column":10},"end":{"line":111,"column":null}}]},"4":{"loc":{"start":{"line":104,"column":4},"end":{"line":106,"column":null}},"type":"if","locations":[{"start":{"line":104,"column":4},"end":{"line":106,"column":null}}]},"5":{"loc":{"start":{"line":104,"column":8},"end":{"line":104,"column":49}},"type":"binary-expr","locations":[{"start":{"line":104,"column":8},"end":{"line":104,"column":24}},{"start":{"line":104,"column":28},"end":{"line":104,"column":49}}]}},"s":{"0":2,"1":2,"2":2,"3":2,"4":2,"5":2,"6":2,"7":1,"8":1,"9":1,"10":0,"11":0,"12":0,"13":0,"14":0,"15":0,"16":0,"17":0,"18":0,"19":0,"20":0,"21":0,"22":0,"23":0,"24":0,"25":0,"26":0,"27":0,"28":0,"29":0,"30":0,"31":0,"32":0,"33":0,"34":0,"35":0,"36":0,"37":0,"38":0,"39":0,"40":0,"41":0,"42":0,"43":0,"44":0,"45":0,"46":0,"47":0,"48":0,"49":0,"50":2},"f":{"0":1,"1":0,"2":0,"3":0,"4":0},"b":{"0":[1,0],"1":[0,0],"2":[0,0],"3":[0,0],"4":[0],"5":[0,0]}}
,"C:\\Users\\v.cristiane.ribeiro\\Documents\\Studies\\alura-challenges\\back-end\\api-jornada-milhas\\src\\errors\\ErrorBase.ts": {"path":"C:\\Users\\v.cristiane.ribeiro\\Documents\\Studies\\alura-challenges\\back-end\\api-jornada-milhas\\src\\errors\\ErrorBase.ts","statementMap":{"0":{"start":{"line":11,"column":8},"end":{"line":11,"column":31}},"1":{"start":{"line":12,"column":8},"end":{"line":12,"column":29}},"2":{"start":{"line":16,"column":8},"end":{"line":19,"column":11}},"3":{"start":{"line":23,"column":0},"end":{"line":23,"column":25}}},"fnMap":{"0":{"name":"(anonymous_0)","decl":{"start":{"line":7,"column":1},"end":{"line":7,"column":null}},"loc":{"start":{"line":9,"column":22},"end":{"line":13,"column":5}}},"1":{"name":"(anonymous_1)","decl":{"start":{"line":15,"column":4},"end":{"line":15,"column":14}},"loc":{"start":{"line":15,"column":28},"end":{"line":20,"column":5}}}},"branchMap":{"0":{"loc":{"start":{"line":8,"column":2},"end":{"line":8,"column":46}},"type":"default-arg","locations":[{"start":{"line":8,"column":20},"end":{"line":8,"column":46}}]},"1":{"loc":{"start":{"line":9,"column":2},"end":{"line":9,"column":22}},"type":"default-arg","locations":[{"start":{"line":9,"column":19},"end":{"line":9,"column":22}}]}},"s":{"0":6,"1":6,"2":4,"3":2},"f":{"0":6,"1":4},"b":{"0":[0],"1":[0]}}
,"C:\\Users\\v.cristiane.ribeiro\\Documents\\Studies\\alura-challenges\\back-end\\api-jornada-milhas\\src\\errors\\NotFound.ts": {"path":"C:\\Users\\v.cristiane.ribeiro\\Documents\\Studies\\alura-challenges\\back-end\\api-jornada-milhas\\src\\errors\\NotFound.ts","statementMap":{"0":{"start":{"line":1,"column":0},"end":{"line":1,"column":36}},"1":{"start":{"line":6,"column":2},"end":{"line":6,"column":22}},"2":{"start":{"line":7,"column":2},"end":{"line":7,"column":25}},"3":{"start":{"line":11,"column":0},"end":{"line":11,"column":24}}},"fnMap":{"0":{"name":"(anonymous_1)","decl":{"start":{"line":5,"column":1},"end":{"line":5,"column":13}},"loc":{"start":{"line":5,"column":55},"end":{"line":8,"column":2}}}},"branchMap":{"0":{"loc":{"start":{"line":5,"column":13},"end":{"line":5,"column":55}},"type":"default-arg","locations":[{"start":{"line":5,"column":31},"end":{"line":5,"column":55}}]}},"s":{"0":2,"1":6,"2":6,"3":2},"f":{"0":6},"b":{"0":[2]}}
,"C:\\Users\\v.cristiane.ribeiro\\Documents\\Studies\\alura-challenges\\back-end\\api-jornada-milhas\\src\\middlewares\\handle404.ts": {"path":"C:\\Users\\v.cristiane.ribeiro\\Documents\\Studies\\alura-challenges\\back-end\\api-jornada-milhas\\src\\middlewares\\handle404.ts","statementMap":{"0":{"start":{"line":2,"column":0},"end":{"line":2,"column":42}},"1":{"start":{"line":5,"column":18},"end":{"line":5,"column":32}},"2":{"start":{"line":6,"column":1},"end":{"line":6,"column":32}},"3":{"start":{"line":7,"column":1},"end":{"line":7,"column":8}},"4":{"start":{"line":10,"column":0},"end":{"line":10,"column":25}}},"fnMap":{"0":{"name":"handle404","decl":{"start":{"line":4,"column":9},"end":{"line":4,"column":18}},"loc":{"start":{"line":4,"column":67},"end":{"line":8,"column":1}}}},"branchMap":{},"s":{"0":2,"1":2,"2":2,"3":2,"4":2},"f":{"0":2},"b":{}}
,"C:\\Users\\v.cristiane.ribeiro\\Documents\\Studies\\alura-challenges\\back-end\\api-jornada-milhas\\src\\middlewares\\handleErrors.ts": {"path":"C:\\Users\\v.cristiane.ribeiro\\Documents\\Studies\\alura-challenges\\back-end\\api-jornada-milhas\\src\\middlewares\\handleErrors.ts","statementMap":{"0":{"start":{"line":2,"column":0},"end":{"line":2,"column":44}},"1":{"start":{"line":4,"column":21},"end":{"line":15,"column":1}},"2":{"start":{"line":10,"column":1},"end":{"line":14,"column":null}},"3":{"start":{"line":11,"column":2},"end":{"line":11,"column":24}},"4":{"start":{"line":13,"column":2},"end":{"line":13,"column":34}},"5":{"start":{"line":17,"column":0},"end":{"line":17,"column":28}}},"fnMap":{"0":{"name":"(anonymous_1)","decl":{"start":{"line":4,"column":21},"end":{"line":4,"column":null}},"loc":{"start":{"line":9,"column":4},"end":{"line":15,"column":1}}}},"branchMap":{"0":{"loc":{"start":{"line":10,"column":1},"end":{"line":14,"column":null}},"type":"if","locations":[{"start":{"line":10,"column":1},"end":{"line":14,"column":null}},{"start":{"line":12,"column":8},"end":{"line":14,"column":null}}]}},"s":{"0":2,"1":2,"2":4,"3":4,"4":0,"5":2},"f":{"0":4},"b":{"0":[4,0]}}
,"C:\\Users\\v.cristiane.ribeiro\\Documents\\Studies\\alura-challenges\\back-end\\api-jornada-milhas\\src\\models\\Image.ts": {"path":"C:\\Users\\v.cristiane.ribeiro\\Documents\\Studies\\alura-challenges\\back-end\\api-jornada-milhas\\src\\models\\Image.ts","statementMap":{"0":{"start":{"line":1,"column":0},"end":{"line":1,"column":85}},"1":{"start":{"line":2,"column":0},"end":{"line":2,"column":26}},"2":{"start":{"line":4,"column":0},"end":{"line":18,"column":null}},"3":{"start":{"line":7,"column":8},"end":{"line":7,"column":27}},"4":{"start":{"line":11,"column":4},"end":{"line":11,"column":null}},"5":{"start":{"line":14,"column":4},"end":{"line":14,"column":null}},"6":{"start":{"line":17,"column":4},"end":{"line":17,"column":null}},"7":{"start":{"line":16,"column":20},"end":{"line":16,"column":24}},"8":{"start":{"line":16,"column":36},"end":{"line":16,"column":46}},"9":{"start":{"line":5,"column":6},"end":{"line":18,"column":null}},"10":{"start":{"line":20,"column":0},"end":{"line":20,"column":21}}},"fnMap":{"0":{"name":"(anonymous_3)","decl":{"start":{"line":6,"column":4},"end":{"line":6,"column":16}},"loc":{"start":{"line":6,"column":29},"end":{"line":8,"column":5}}},"1":{"name":"(anonymous_4)","decl":{"start":{"line":16,"column":14},"end":{"line":16,"column":17}},"loc":{"start":{"line":16,"column":20},"end":{"line":16,"column":24}}},"2":{"name":"(anonymous_5)","decl":{"start":{"line":16,"column":26},"end":{"line":16,"column":27}},"loc":{"start":{"line":16,"column":36},"end":{"line":16,"column":46}}}},"branchMap":{},"s":{"0":2,"1":2,"2":2,"3":34,"4":2,"5":2,"6":2,"7":16,"8":16,"9":2,"10":2},"f":{"0":34,"1":16,"2":16},"b":{}}
,"C:\\Users\\v.cristiane.ribeiro\\Documents\\Studies\\alura-challenges\\back-end\\api-jornada-milhas\\src\\models\\Testimonial.ts": {"path":"C:\\Users\\v.cristiane.ribeiro\\Documents\\Studies\\alura-challenges\\back-end\\api-jornada-milhas\\src\\models\\Testimonial.ts","statementMap":{"0":{"start":{"line":1,"column":0},"end":{"line":1,"column":86}},"1":{"start":{"line":2,"column":0},"end":{"line":2,"column":26}},"2":{"start":{"line":4,"column":0},"end":{"line":19,"column":null}},"3":{"start":{"line":7,"column":8},"end":{"line":7,"column":25}},"4":{"start":{"line":8,"column":8},"end":{"line":8,"column":25}},"5":{"start":{"line":12,"column":4},"end":{"line":12,"column":null}},"6":{"start":{"line":15,"column":4},"end":{"line":15,"column":null}},"7":{"start":{"line":18,"column":4},"end":{"line":18,"column":null}},"8":{"start":{"line":17,"column":21},"end":{"line":17,"column":25}},"9":{"start":{"line":17,"column":37},"end":{"line":17,"column":54}},"10":{"start":{"line":5,"column":6},"end":{"line":19,"column":null}},"11":{"start":{"line":21,"column":0},"end":{"line":21,"column":27}}},"fnMap":{"0":{"name":"(anonymous_3)","decl":{"start":{"line":6,"column":4},"end":{"line":6,"column":17}},"loc":{"start":{"line":6,"column":41},"end":{"line":9,"column":5}}},"1":{"name":"(anonymous_4)","decl":{"start":{"line":17,"column":15},"end":{"line":17,"column":18}},"loc":{"start":{"line":17,"column":21},"end":{"line":17,"column":25}}},"2":{"name":"(anonymous_5)","decl":{"start":{"line":17,"column":27},"end":{"line":17,"column":28}},"loc":{"start":{"line":17,"column":37},"end":{"line":17,"column":54}}}},"branchMap":{},"s":{"0":2,"1":2,"2":2,"3":31,"4":31,"5":2,"6":2,"7":2,"8":16,"9":16,"10":2,"11":2},"f":{"0":31,"1":16,"2":16},"b":{}}
,"C:\\Users\\v.cristiane.ribeiro\\Documents\\Studies\\alura-challenges\\back-end\\api-jornada-milhas\\src\\models\\User.ts": {"path":"C:\\Users\\v.cristiane.ribeiro\\Documents\\Studies\\alura-challenges\\back-end\\api-jornada-milhas\\src\\models\\User.ts","statementMap":{"0":{"start":{"line":1,"column":0},"end":{"line":1,"column":null}},"1":{"start":{"line":10,"column":0},"end":{"line":10,"column":40}},"2":{"start":{"line":11,"column":0},"end":{"line":11,"column":28}},"3":{"start":{"line":13,"column":0},"end":{"line":38,"column":null}},"4":{"start":{"line":16,"column":2},"end":{"line":16,"column":19}},"5":{"start":{"line":17,"column":2},"end":{"line":17,"column":21}},"6":{"start":{"line":21,"column":1},"end":{"line":21,"column":null}},"7":{"start":{"line":24,"column":1},"end":{"line":24,"column":null}},"8":{"start":{"line":32,"column":1},"end":{"line":32,"column":null}},"9":{"start":{"line":26,"column":17},"end":{"line":26,"column":22}},"10":{"start":{"line":26,"column":35},"end":{"line":26,"column":46}},"11":{"start":{"line":37,"column":1},"end":{"line":37,"column":null}},"12":{"start":{"line":34,"column":18},"end":{"line":34,"column":29}},"13":{"start":{"line":34,"column":48},"end":{"line":34,"column":64}},"14":{"start":{"line":14,"column":6},"end":{"line":38,"column":null}},"15":{"start":{"line":40,"column":0},"end":{"line":40,"column":20}}},"fnMap":{"0":{"name":"(anonymous_3)","decl":{"start":{"line":15,"column":1},"end":{"line":15,"column":13}},"loc":{"start":{"line":15,"column":41},"end":{"line":18,"column":2}}},"1":{"name":"(anonymous_4)","decl":{"start":{"line":26,"column":11},"end":{"line":26,"column":14}},"loc":{"start":{"line":26,"column":17},"end":{"line":26,"column":22}}},"2":{"name":"(anonymous_5)","decl":{"start":{"line":26,"column":24},"end":{"line":26,"column":25}},"loc":{"start":{"line":26,"column":35},"end":{"line":26,"column":46}}},"3":{"name":"(anonymous_6)","decl":{"start":{"line":34,"column":12},"end":{"line":34,"column":15}},"loc":{"start":{"line":34,"column":18},"end":{"line":34,"column":29}}},"4":{"name":"(anonymous_7)","decl":{"start":{"line":34,"column":31},"end":{"line":34,"column":32}},"loc":{"start":{"line":34,"column":48},"end":{"line":34,"column":64}}}},"branchMap":{},"s":{"0":2,"1":2,"2":2,"3":2,"4":34,"5":34,"6":2,"7":2,"8":2,"9":16,"10":16,"11":2,"12":16,"13":16,"14":2,"15":2},"f":{"0":34,"1":16,"2":16,"3":16,"4":16},"b":{}}
,"C:\\Users\\v.cristiane.ribeiro\\Documents\\Studies\\alura-challenges\\back-end\\api-jornada-milhas\\src\\repositories\\image.ts": {"path":"C:\\Users\\v.cristiane.ribeiro\\Documents\\Studies\\alura-challenges\\back-end\\api-jornada-milhas\\src\\repositories\\image.ts","statementMap":{"0":{"start":{"line":1,"column":0},"end":{"line":1,"column":54}},"1":{"start":{"line":3,"column":0},"end":{"line":3,"column":36}},"2":{"start":{"line":5,"column":43},"end":{"line":5,"column":77}},"3":{"start":{"line":7,"column":9},"end":{"line":7,"column":24}}},"fnMap":{},"branchMap":{},"s":{"0":2,"1":2,"2":2,"3":2},"f":{},"b":{}}
,"C:\\Users\\v.cristiane.ribeiro\\Documents\\Studies\\alura-challenges\\back-end\\api-jornada-milhas\\src\\repositories\\testimonial.ts": {"path":"C:\\Users\\v.cristiane.ribeiro\\Documents\\Studies\\alura-challenges\\back-end\\api-jornada-milhas\\src\\repositories\\testimonial.ts","statementMap":{"0":{"start":{"line":1,"column":0},"end":{"line":1,"column":48}},"1":{"start":{"line":2,"column":0},"end":{"line":2,"column":54}},"2":{"start":{"line":6,"column":1},"end":{"line":6,"column":41}},"3":{"start":{"line":8,"column":9},"end":{"line":8,"column":30}}},"fnMap":{},"branchMap":{},"s":{"0":2,"1":2,"2":2,"3":2},"f":{},"b":{}}
,"C:\\Users\\v.cristiane.ribeiro\\Documents\\Studies\\alura-challenges\\back-end\\api-jornada-milhas\\src\\repositories\\user.ts": {"path":"C:\\Users\\v.cristiane.ribeiro\\Documents\\Studies\\alura-challenges\\back-end\\api-jornada-milhas\\src\\repositories\\user.ts","statementMap":{"0":{"start":{"line":1,"column":0},"end":{"line":1,"column":34}},"1":{"start":{"line":2,"column":0},"end":{"line":2,"column":54}},"2":{"start":{"line":4,"column":23},"end":{"line":4,"column":56}},"3":{"start":{"line":12,"column":9},"end":{"line":12,"column":23}},"4":{"start":{"line":6,"column":20},"end":{"line":10,"column":3}},"5":{"start":{"line":7,"column":1},"end":{"line":10,"column":3}},"6":{"start":{"line":12,"column":25},"end":{"line":12,"column":36}}},"fnMap":{"0":{"name":"(anonymous_1)","decl":{"start":{"line":6,"column":20},"end":{"line":6,"column":25}},"loc":{"start":{"line":7,"column":1},"end":{"line":10,"column":3}}}},"branchMap":{},"s":{"0":2,"1":2,"2":2,"3":2,"4":2,"5":2,"6":2},"f":{"0":2},"b":{}}
,"C:\\Users\\v.cristiane.ribeiro\\Documents\\Studies\\alura-challenges\\back-end\\api-jornada-milhas\\src\\routes\\index.ts": {"path":"C:\\Users\\v.cristiane.ribeiro\\Documents\\Studies\\alura-challenges\\back-end\\api-jornada-milhas\\src\\routes\\index.ts","statementMap":{"0":{"start":{"line":1,"column":0},"end":{"line":1,"column":30}},"1":{"start":{"line":2,"column":0},"end":{"line":2,"column":24}},"2":{"start":{"line":3,"column":0},"end":{"line":3,"column":48}},"3":{"start":{"line":4,"column":0},"end":{"line":4,"column":33}},"4":{"start":{"line":5,"column":0},"end":{"line":5,"column":52}},"5":{"start":{"line":7,"column":15},"end":{"line":14,"column":1}},"6":{"start":{"line":9,"column":4},"end":{"line":9,"column":29}},"7":{"start":{"line":10,"column":4},"end":{"line":10,"column":30}},"8":{"start":{"line":11,"column":4},"end":{"line":11,"column":39}},"9":{"start":{"line":12,"column":1},"end":{"line":12,"column":46}},"10":{"start":{"line":16,"column":0},"end":{"line":16,"column":22}}},"fnMap":{"0":{"name":"(anonymous_1)","decl":{"start":{"line":7,"column":15},"end":{"line":7,"column":16}},"loc":{"start":{"line":7,"column":28},"end":{"line":14,"column":1}}}},"branchMap":{},"s":{"0":2,"1":2,"2":2,"3":2,"4":2,"5":2,"6":2,"7":2,"8":2,"9":2,"10":2},"f":{"0":2},"b":{}}
,"C:\\Users\\v.cristiane.ribeiro\\Documents\\Studies\\alura-challenges\\back-end\\api-jornada-milhas\\src\\routes\\testimonialsRoutes.ts": {"path":"C:\\Users\\v.cristiane.ribeiro\\Documents\\Studies\\alura-challenges\\back-end\\api-jornada-milhas\\src\\routes\\testimonialsRoutes.ts","statementMap":{"0":{"start":{"line":1,"column":0},"end":{"line":1,"column":30}},"1":{"start":{"line":2,"column":0},"end":{"line":2,"column":76}},"2":{"start":{"line":4,"column":15},"end":{"line":4,"column":31}},"3":{"start":{"line":6,"column":0},"end":{"line":12,"column":75}},"4":{"start":{"line":14,"column":0},"end":{"line":14,"column":22}}},"fnMap":{},"branchMap":{},"s":{"0":2,"1":2,"2":2,"3":2,"4":2},"f":{},"b":{}}
,"C:\\Users\\v.cristiane.ribeiro\\Documents\\Studies\\alura-challenges\\back-end\\api-jornada-milhas\\src\\routes\\userRoutes.ts": {"path":"C:\\Users\\v.cristiane.ribeiro\\Documents\\Studies\\alura-challenges\\back-end\\api-jornada-milhas\\src\\routes\\userRoutes.ts","statementMap":{"0":{"start":{"line":1,"column":0},"end":{"line":1,"column":30}},"1":{"start":{"line":2,"column":0},"end":{"line":2,"column":61}},"2":{"start":{"line":3,"column":0},"end":{"line":3,"column":28}},"3":{"start":{"line":4,"column":0},"end":{"line":4,"column":77}},"4":{"start":{"line":6,"column":16},"end":{"line":6,"column":62}},"5":{"start":{"line":8,"column":15},"end":{"line":8,"column":34}},"6":{"start":{"line":10,"column":15},"end":{"line":10,"column":31}},"7":{"start":{"line":12,"column":0},"end":{"line":17,"column":57}},"8":{"start":{"line":19,"column":0},"end":{"line":19,"column":22}}},"fnMap":{},"branchMap":{},"s":{"0":2,"1":2,"2":2,"3":2,"4":2,"5":2,"6":2,"7":2,"8":2},"f":{},"b":{}}
,"C:\\Users\\v.cristiane.ribeiro\\Documents\\Studies\\alura-challenges\\back-end\\api-jornada-milhas\\src\\utils\\delete-file.ts": {"path":"C:\\Users\\v.cristiane.ribeiro\\Documents\\Studies\\alura-challenges\\back-end\\api-jornada-milhas\\src\\utils\\delete-file.ts","statementMap":{"0":{"start":{"line":1,"column":0},"end":{"line":1,"column":42}},"1":{"start":{"line":2,"column":0},"end":{"line":2,"column":26}},"2":{"start":{"line":5,"column":1},"end":{"line":11,"column":null}},"3":{"start":{"line":6,"column":8},"end":{"line":6,"column":35}},"4":{"start":{"line":7,"column":8},"end":{"line":7,"column":44}},"5":{"start":{"line":8,"column":8},"end":{"line":8,"column":51}},"6":{"start":{"line":10,"column":8},"end":{"line":10,"column":20}},"7":{"start":{"line":15,"column":28},"end":{"line":15,"column":61}},"8":{"start":{"line":16,"column":4},"end":{"line":16,"column":19}},"9":{"start":{"line":19,"column":0},"end":{"line":19,"column":26}}},"fnMap":{"0":{"name":"deleteFile","decl":{"start":{"line":4,"column":15},"end":{"line":4,"column":25}},"loc":{"start":{"line":4,"column":46},"end":{"line":12,"column":1}}},"1":{"name":"isThisFileInTheFolder","decl":{"start":{"line":14,"column":15},"end":{"line":14,"column":36}},"loc":{"start":{"line":14,"column":57},"end":{"line":17,"column":1}}}},"branchMap":{},"s":{"0":2,"1":2,"2":0,"3":0,"4":0,"5":0,"6":0,"7":0,"8":0,"9":2},"f":{"0":0,"1":0},"b":{}}
,"C:\\Users\\v.cristiane.ribeiro\\Documents\\Studies\\alura-challenges\\back-end\\api-jornada-milhas\\src\\utils\\multer-storage-setting.ts": {"path":"C:\\Users\\v.cristiane.ribeiro\\Documents\\Studies\\alura-challenges\\back-end\\api-jornada-milhas\\src\\utils\\multer-storage-setting.ts","statementMap":{"0":{"start":{"line":1,"column":0},"end":{"line":1,"column":37}},"1":{"start":{"line":2,"column":0},"end":{"line":2,"column":33}},"2":{"start":{"line":4,"column":20},"end":{"line":4,"column":22}},"3":{"start":{"line":25,"column":4},"end":{"line":25,"column":17}},"4":{"start":{"line":6,"column":35},"end":{"line":21,"column":null}},"5":{"start":{"line":8,"column":21},"end":{"line":8,"column":45}},"6":{"start":{"line":9,"column":8},"end":{"line":9,"column":34}},"7":{"start":{"line":13,"column":29},"end":{"line":13,"column":60}},"8":{"start":{"line":14,"column":28},"end":{"line":14,"column":62}},"9":{"start":{"line":15,"column":29},"end":{"line":15,"column":61}},"10":{"start":{"line":17,"column":8},"end":{"line":17,"column":81}},"11":{"start":{"line":19,"column":8},"end":{"line":19,"column":37}},"12":{"start":{"line":24,"column":4},"end":{"line":24,"column":30}}},"fnMap":{"0":{"name":"(anonymous_0)","decl":{"start":{"line":7,"column":17},"end":{"line":7,"column":27}},"loc":{"start":{"line":7,"column":94},"end":{"line":10,"column":5}}},"1":{"name":"(anonymous_1)","decl":{"start":{"line":11,"column":14},"end":{"line":11,"column":24}},"loc":{"start":{"line":11,"column":90},"end":{"line":20,"column":5}}}},"branchMap":{},"s":{"0":2,"1":2,"2":2,"3":2,"4":2,"5":0,"6":0,"7":0,"8":0,"9":0,"10":0,"11":0,"12":2},"f":{"0":0,"1":0},"b":{}}
}
