{"C:\\Users\\v.cristiane.ribeiro\\Documents\\Studies\\alura-challenges\\back-end\\api-jornada-milhas\\src\\app.ts": {"path":"C:\\Users\\v.cristiane.ribeiro\\Documents\\Studies\\alura-challenges\\back-end\\api-jornada-milhas\\src\\app.ts","statementMap":{"0":{"start":{"line":1,"column":0},"end":{"line":1,"column":30}},"1":{"start":{"line":2,"column":0},"end":{"line":2,"column":30}},"2":{"start":{"line":3,"column":0},"end":{"line":3,"column":53}},"3":{"start":{"line":4,"column":0},"end":{"line":4,"column":26}},"4":{"start":{"line":6,"column":0},"end":{"line":8,"column":42}},"5":{"start":{"line":7,"column":18},"end":{"line":7,"column":59}},"6":{"start":{"line":8,"column":22},"end":{"line":8,"column":40}},"7":{"start":{"line":10,"column":12},"end":{"line":10,"column":21}},"8":{"start":{"line":12,"column":0},"end":{"line":12,"column":12}},"9":{"start":{"line":13,"column":0},"end":{"line":13,"column":24}},"10":{"start":{"line":15,"column":0},"end":{"line":15,"column":19}}},"fnMap":{"0":{"name":"(anonymous_1)","decl":{"start":{"line":7,"column":10},"end":{"line":7,"column":13}},"loc":{"start":{"line":7,"column":15},"end":{"line":7,"column":61}}},"1":{"name":"(anonymous_2)","decl":{"start":{"line":8,"column":11},"end":{"line":8,"column":12}},"loc":{"start":{"line":8,"column":22},"end":{"line":8,"column":40}}}},"branchMap":{},"s":{"0":2,"1":2,"2":2,"3":2,"4":2,"5":2,"6":0,"7":2,"8":2,"9":2,"10":2},"f":{"0":2,"1":0},"b":{}}
,"C:\\Users\\v.cristiane.ribeiro\\Documents\\Studies\\alura-challenges\\back-end\\api-jornada-milhas\\src\\server.ts": {"path":"C:\\Users\\v.cristiane.ribeiro\\Documents\\Studies\\alura-challenges\\back-end\\api-jornada-milhas\\src\\server.ts","statementMap":{"0":{"start":{"line":1,"column":0},"end":{"line":1,"column":24}},"1":{"start":{"line":2,"column":0},"end":{"line":2,"column":24}},"2":{"start":{"line":4,"column":21},"end":{"line":4,"column":52}},"3":{"start":{"line":15,"column":4},"end":{"line":15,"column":8}},"4":{"start":{"line":6,"column":0},"end":{"line":12,"column":null}},"5":{"start":{"line":8,"column":4},"end":{"line":10,"column":7}},"6":{"start":{"line":9,"column":8},"end":{"line":9,"column":61}}},"fnMap":{"0":{"name":"(anonymous_1)","decl":{"start":{"line":8,"column":40},"end":{"line":8,"column":43}},"loc":{"start":{"line":8,"column":45},"end":{"line":10,"column":5}}}},"branchMap":{"0":{"loc":{"start":{"line":6,"column":0},"end":{"line":12,"column":null}},"type":"if","locations":[{"start":{"line":6,"column":0},"end":{"line":12,"column":null}}]}},"s":{"0":2,"1":2,"2":2,"3":2,"4":2,"5":0,"6":0},"f":{"0":0},"b":{"0":[0]}}
,"C:\\Users\\v.cristiane.ribeiro\\Documents\\Studies\\alura-challenges\\back-end\\api-jornada-milhas\\src\\config\\cors-options.ts": {"path":"C:\\Users\\v.cristiane.ribeiro\\Documents\\Studies\\alura-challenges\\back-end\\api-jornada-milhas\\src\\config\\cors-options.ts","statementMap":{"0":{"start":{"line":3,"column":18},"end":{"line":6,"column":2}},"1":{"start":{"line":8,"column":34},"end":{"line":16,"column":null}},"2":{"start":{"line":10,"column":8},"end":{"line":14,"column":null}},"3":{"start":{"line":11,"column":12},"end":{"line":11,"column":33}},"4":{"start":{"line":13,"column":12},"end":{"line":13,"column":59}},"5":{"start":{"line":19,"column":4},"end":{"line":19,"column":14}}},"fnMap":{"0":{"name":"(anonymous_0)","decl":{"start":{"line":9,"column":12},"end":{"line":9,"column":13}},"loc":{"start":{"line":9,"column":51},"end":{"line":15,"column":5}}}},"branchMap":{"0":{"loc":{"start":{"line":10,"column":8},"end":{"line":14,"column":null}},"type":"if","locations":[{"start":{"line":10,"column":8},"end":{"line":14,"column":null}},{"start":{"line":12,"column":15},"end":{"line":14,"column":null}}]},"1":{"loc":{"start":{"line":10,"column":11},"end":{"line":10,"column":54}},"type":"binary-expr","locations":[{"start":{"line":10,"column":11},"end":{"line":10,"column":43}},{"start":{"line":10,"column":47},"end":{"line":10,"column":54}}]}},"s":{"0":2,"1":2,"2":4,"3":4,"4":0,"5":2},"f":{"0":4},"b":{"0":[4,0],"1":[4,4]}}
,"C:\\Users\\v.cristiane.ribeiro\\Documents\\Studies\\alura-challenges\\back-end\\api-jornada-milhas\\src\\config\\data-source.ts": {"path":"C:\\Users\\v.cristiane.ribeiro\\Documents\\Studies\\alura-challenges\\back-end\\api-jornada-milhas\\src\\config\\data-source.ts","statementMap":{"0":{"start":{"line":1,"column":0},"end":{"line":1,"column":37}},"1":{"start":{"line":2,"column":0},"end":{"line":2,"column":34}},"2":{"start":{"line":3,"column":0},"end":{"line":3,"column":36}},"3":{"start":{"line":4,"column":0},"end":{"line":4,"column":48}},"4":{"start":{"line":6,"column":22},"end":{"line":16,"column":2}},"5":{"start":{"line":20,"column":9},"end":{"line":20,"column":22}},"6":{"start":{"line":18,"column":16},"end":{"line":18,"column":37}},"7":{"start":{"line":20,"column":24},"end":{"line":20,"column":31}}},"fnMap":{},"branchMap":{},"s":{"0":2,"1":2,"2":2,"3":2,"4":2,"5":2,"6":2,"7":2},"f":{},"b":{}}
,"C:\\Users\\v.cristiane.ribeiro\\Documents\\Studies\\alura-challenges\\back-end\\api-jornada-milhas\\src\\controllers\\TestimonialsController.ts": {"path":"C:\\Users\\v.cristiane.ribeiro\\Documents\\Studies\\alura-challenges\\back-end\\api-jornada-milhas\\src\\controllers\\TestimonialsController.ts","statementMap":{"0":{"start":{"line":2,"column":0},"end":{"line":2,"column":68}},"1":{"start":{"line":3,"column":0},"end":{"line":3,"column":67}},"2":{"start":{"line":4,"column":0},"end":{"line":4,"column":48}},"3":{"start":{"line":5,"column":0},"end":{"line":5,"column":48}},"4":{"start":{"line":11,"column":2},"end":{"line":25,"column":null}},"5":{"start":{"line":12,"column":25},"end":{"line":20,"column":null}},"6":{"start":{"line":20,"column":5},"end":{"line":20,"column":59}},"7":{"start":{"line":20,"column":28},"end":{"line":20,"column":58}},"8":{"start":{"line":22,"column":3},"end":{"line":22,"column":38}},"9":{"start":{"line":24,"column":3},"end":{"line":24,"column":46}},"10":{"start":{"line":29,"column":22},"end":{"line":29,"column":32}},"11":{"start":{"line":31,"column":2},"end":{"line":43,"column":null}},"12":{"start":{"line":32,"column":23},"end":{"line":38,"column":5}},"13":{"start":{"line":40,"column":3},"end":{"line":40,"column":38}},"14":{"start":{"line":42,"column":3},"end":{"line":42,"column":46}},"15":{"start":{"line":47,"column":32},"end":{"line":47,"column":40}},"16":{"start":{"line":48,"column":26},"end":{"line":48,"column":62}},"17":{"start":{"line":50,"column":2},"end":{"line":59,"column":null}},"18":{"start":{"line":51,"column":22},"end":{"line":51,"column":53}},"19":{"start":{"line":52,"column":26},"end":{"line":52,"column":53}},"20":{"start":{"line":53,"column":3},"end":{"line":53,"column":52}},"21":{"start":{"line":54,"column":3},"end":{"line":56,"column":32}},"22":{"start":{"line":58,"column":3},"end":{"line":58,"column":46}},"23":{"start":{"line":63,"column":22},"end":{"line":63,"column":32}},"24":{"start":{"line":64,"column":24},"end":{"line":64,"column":32}},"25":{"start":{"line":65,"column":26},"end":{"line":65,"column":62}},"26":{"start":{"line":67,"column":2},"end":{"line":78,"column":null}},"27":{"start":{"line":69,"column":4},"end":{"line":69,"column":49}},"28":{"start":{"line":70,"column":3},"end":{"line":70,"column":27}},"29":{"start":{"line":72,"column":3},"end":{"line":72,"column":49}},"30":{"start":{"line":73,"column":3},"end":{"line":75,"column":32}},"31":{"start":{"line":77,"column":3},"end":{"line":77,"column":46}},"32":{"start":{"line":82,"column":22},"end":{"line":82,"column":32}},"33":{"start":{"line":83,"column":25},"end":{"line":83,"column":65}},"34":{"start":{"line":85,"column":2},"end":{"line":94,"column":null}},"35":{"start":{"line":87,"column":4},"end":{"line":87,"column":49}},"36":{"start":{"line":88,"column":3},"end":{"line":88,"column":51}},"37":{"start":{"line":89,"column":3},"end":{"line":91,"column":32}},"38":{"start":{"line":93,"column":3},"end":{"line":93,"column":46}},"39":{"start":{"line":98,"column":20},"end":{"line":100,"column":75}},"40":{"start":{"line":101,"column":2},"end":{"line":106,"column":null}},"41":{"start":{"line":102,"column":23},"end":{"line":102,"column":47}},"42":{"start":{"line":103,"column":3},"end":{"line":103,"column":38}},"43":{"start":{"line":105,"column":3},"end":{"line":105,"column":46}},"44":{"start":{"line":110,"column":0},"end":{"line":110,"column":39}}},"fnMap":{"0":{"name":"(anonymous_1)","decl":{"start":{"line":10,"column":1},"end":{"line":10,"column":7}},"loc":{"start":{"line":10,"column":62},"end":{"line":26,"column":2}}},"1":{"name":"(anonymous_2)","decl":{"start":{"line":19,"column":10},"end":{"line":19,"column":11}},"loc":{"start":{"line":20,"column":5},"end":{"line":20,"column":59}}},"2":{"name":"(anonymous_3)","decl":{"start":{"line":20,"column":18},"end":{"line":20,"column":19}},"loc":{"start":{"line":20,"column":28},"end":{"line":20,"column":58}}},"3":{"name":"(anonymous_4)","decl":{"start":{"line":28,"column":1},"end":{"line":28,"column":7}},"loc":{"start":{"line":28,"column":67},"end":{"line":44,"column":2}}},"4":{"name":"(anonymous_5)","decl":{"start":{"line":46,"column":1},"end":{"line":46,"column":7}},"loc":{"start":{"line":46,"column":56},"end":{"line":60,"column":2}}},"5":{"name":"(anonymous_6)","decl":{"start":{"line":62,"column":1},"end":{"line":62,"column":7}},"loc":{"start":{"line":62,"column":59},"end":{"line":79,"column":2}}},"6":{"name":"(anonymous_7)","decl":{"start":{"line":81,"column":1},"end":{"line":81,"column":7}},"loc":{"start":{"line":81,"column":59},"end":{"line":95,"column":2}}},"7":{"name":"(anonymous_8)","decl":{"start":{"line":97,"column":1},"end":{"line":97,"column":7}},"loc":{"start":{"line":97,"column":70},"end":{"line":107,"column":2}}}},"branchMap":{},"s":{"0":2,"1":2,"2":2,"3":2,"4":1,"5":1,"6":1,"7":23,"8":1,"9":0,"10":0,"11":0,"12":0,"13":0,"14":0,"15":0,"16":0,"17":0,"18":0,"19":0,"20":0,"21":0,"22":0,"23":0,"24":0,"25":0,"26":0,"27":0,"28":0,"29":0,"30":0,"31":0,"32":0,"33":0,"34":0,"35":0,"36":0,"37":0,"38":0,"39":0,"40":0,"41":0,"42":0,"43":0,"44":2},"f":{"0":1,"1":1,"2":23,"3":0,"4":0,"5":0,"6":0,"7":0},"b":{}}
,"C:\\Users\\v.cristiane.ribeiro\\Documents\\Studies\\alura-challenges\\back-end\\api-jornada-milhas\\src\\controllers\\UsersController.ts": {"path":"C:\\Users\\v.cristiane.ribeiro\\Documents\\Studies\\alura-challenges\\back-end\\api-jornada-milhas\\src\\controllers\\UsersController.ts","statementMap":{"0":{"start":{"line":2,"column":0},"end":{"line":2,"column":34}},"1":{"start":{"line":3,"column":0},"end":{"line":3,"column":36}},"2":{"start":{"line":4,"column":0},"end":{"line":4,"column":54}},"3":{"start":{"line":5,"column":0},"end":{"line":5,"column":56}},"4":{"start":{"line":6,"column":0},"end":{"line":6,"column":64}},"5":{"start":{"line":7,"column":0},"end":{"line":7,"column":48}},"6":{"start":{"line":8,"column":0},"end":{"line":8,"column":46}},"7":{"start":{"line":13,"column":2},"end":{"line":22,"column":null}},"8":{"start":{"line":14,"column":26},"end":{"line":18,"column":5}},"9":{"start":{"line":19,"column":3},"end":{"line":19,"column":39}},"10":{"start":{"line":21,"column":3},"end":{"line":21,"column":46}},"11":{"start":{"line":26,"column":24},"end":{"line":26,"column":32}},"12":{"start":{"line":27,"column":26},"end":{"line":27,"column":50}},"13":{"start":{"line":28,"column":24},"end":{"line":28,"column":48}},"14":{"start":{"line":29,"column":26},"end":{"line":29,"column":59}},"15":{"start":{"line":31,"column":2},"end":{"line":37,"column":null}},"16":{"start":{"line":32,"column":3},"end":{"line":32,"column":38}},"17":{"start":{"line":33,"column":3},"end":{"line":33,"column":40}},"18":{"start":{"line":34,"column":3},"end":{"line":34,"column":53}},"19":{"start":{"line":36,"column":3},"end":{"line":36,"column":46}},"20":{"start":{"line":41,"column":22},"end":{"line":41,"column":32}},"21":{"start":{"line":43,"column":2},"end":{"line":53,"column":null}},"22":{"start":{"line":44,"column":26},"end":{"line":49,"column":14}},"23":{"start":{"line":50,"column":3},"end":{"line":50,"column":39}},"24":{"start":{"line":52,"column":3},"end":{"line":52,"column":46}},"25":{"start":{"line":57,"column":24},"end":{"line":57,"column":32}},"26":{"start":{"line":58,"column":22},"end":{"line":58,"column":32}},"27":{"start":{"line":59,"column":22},"end":{"line":59,"column":66}},"28":{"start":{"line":60,"column":26},"end":{"line":60,"column":59}},"29":{"start":{"line":62,"column":2},"end":{"line":84,"column":null}},"30":{"start":{"line":63,"column":27},"end":{"line":68,"column":6}},"31":{"start":{"line":65,"column":18},"end":{"line":65,"column":31}},"32":{"start":{"line":67,"column":5},"end":{"line":67,"column":26}},"33":{"start":{"line":70,"column":30},"end":{"line":70,"column":68}},"34":{"start":{"line":71,"column":32},"end":{"line":73,"column":5}},"35":{"start":{"line":75,"column":3},"end":{"line":75,"column":39}},"36":{"start":{"line":76,"column":3},"end":{"line":76,"column":28}},"37":{"start":{"line":78,"column":3},"end":{"line":78,"column":45}},"38":{"start":{"line":79,"column":3},"end":{"line":79,"column":43}},"39":{"start":{"line":81,"column":3},"end":{"line":81,"column":53}},"40":{"start":{"line":83,"column":3},"end":{"line":83,"column":46}},"41":{"start":{"line":88,"column":22},"end":{"line":88,"column":32}},"42":{"start":{"line":89,"column":28},"end":{"line":89,"column":72}},"43":{"start":{"line":90,"column":26},"end":{"line":90,"column":63}},"44":{"start":{"line":92,"column":2},"end":{"line":115,"column":null}},"45":{"start":{"line":93,"column":36},"end":{"line":98,"column":14}},"46":{"start":{"line":95,"column":26},"end":{"line":95,"column":39}},"47":{"start":{"line":97,"column":16},"end":{"line":97,"column":37}},"48":{"start":{"line":100,"column":39},"end":{"line":100,"column":77}},"49":{"start":{"line":101,"column":41},"end":{"line":103,"column":14}},"50":{"start":{"line":105,"column":31},"end":{"line":105,"column":61}},"51":{"start":{"line":106,"column":29},"end":{"line":106,"column":46}},"52":{"start":{"line":108,"column":3},"end":{"line":108,"column":45}},"53":{"start":{"line":109,"column":12},"end":{"line":109,"column":56}},"54":{"start":{"line":111,"column":12},"end":{"line":111,"column":66}},"55":{"start":{"line":112,"column":3},"end":{"line":112,"column":53}},"56":{"start":{"line":114,"column":3},"end":{"line":114,"column":46}},"57":{"start":{"line":119,"column":0},"end":{"line":119,"column":31}}},"fnMap":{"0":{"name":"(anonymous_1)","decl":{"start":{"line":12,"column":1},"end":{"line":12,"column":7}},"loc":{"start":{"line":12,"column":52},"end":{"line":23,"column":2}}},"1":{"name":"(anonymous_2)","decl":{"start":{"line":25,"column":1},"end":{"line":25,"column":7}},"loc":{"start":{"line":25,"column":49},"end":{"line":38,"column":2}}},"2":{"name":"(anonymous_3)","decl":{"start":{"line":40,"column":1},"end":{"line":40,"column":7}},"loc":{"start":{"line":40,"column":53},"end":{"line":54,"column":2}}},"3":{"name":"(anonymous_4)","decl":{"start":{"line":56,"column":1},"end":{"line":56,"column":7}},"loc":{"start":{"line":56,"column":52},"end":{"line":85,"column":2}}},"4":{"name":"(anonymous_5)","decl":{"start":{"line":65,"column":10},"end":{"line":65,"column":11}},"loc":{"start":{"line":65,"column":18},"end":{"line":65,"column":31}}},"5":{"name":"(anonymous_6)","decl":{"start":{"line":66,"column":11},"end":{"line":66,"column":12}},"loc":{"start":{"line":66,"column":21},"end":{"line":68,"column":5}}},"6":{"name":"(anonymous_7)","decl":{"start":{"line":87,"column":1},"end":{"line":87,"column":7}},"loc":{"start":{"line":87,"column":52},"end":{"line":116,"column":2}}},"7":{"name":"(anonymous_8)","decl":{"start":{"line":95,"column":18},"end":{"line":95,"column":19}},"loc":{"start":{"line":95,"column":26},"end":{"line":95,"column":39}}},"8":{"name":"(anonymous_9)","decl":{"start":{"line":96,"column":19},"end":{"line":96,"column":20}},"loc":{"start":{"line":96,"column":29},"end":{"line":98,"column":13}}}},"branchMap":{},"s":{"0":2,"1":2,"2":2,"3":2,"4":2,"5":2,"6":2,"7":1,"8":1,"9":1,"10":0,"11":1,"12":1,"13":1,"14":1,"15":1,"16":1,"17":1,"18":1,"19":0,"20":0,"21":0,"22":0,"23":0,"24":0,"25":0,"26":0,"27":0,"28":0,"29":0,"30":0,"31":0,"32":0,"33":0,"34":0,"35":0,"36":0,"37":0,"38":0,"39":0,"40":0,"41":0,"42":0,"43":0,"44":0,"45":0,"46":0,"47":0,"48":0,"49":0,"50":0,"51":0,"52":0,"53":0,"54":0,"55":0,"56":0,"57":2},"f":{"0":1,"1":1,"2":0,"3":0,"4":0,"5":0,"6":0,"7":0,"8":0},"b":{}}
,"C:\\Users\\v.cristiane.ribeiro\\Documents\\Studies\\alura-challenges\\back-end\\api-jornada-milhas\\src\\models\\Image.ts": {"path":"C:\\Users\\v.cristiane.ribeiro\\Documents\\Studies\\alura-challenges\\back-end\\api-jornada-milhas\\src\\models\\Image.ts","statementMap":{"0":{"start":{"line":1,"column":0},"end":{"line":1,"column":85}},"1":{"start":{"line":2,"column":0},"end":{"line":2,"column":26}},"2":{"start":{"line":4,"column":0},"end":{"line":18,"column":null}},"3":{"start":{"line":7,"column":8},"end":{"line":7,"column":27}},"4":{"start":{"line":11,"column":4},"end":{"line":11,"column":null}},"5":{"start":{"line":14,"column":4},"end":{"line":14,"column":null}},"6":{"start":{"line":17,"column":4},"end":{"line":17,"column":null}},"7":{"start":{"line":16,"column":20},"end":{"line":16,"column":24}},"8":{"start":{"line":16,"column":36},"end":{"line":16,"column":46}},"9":{"start":{"line":5,"column":6},"end":{"line":18,"column":null}},"10":{"start":{"line":20,"column":0},"end":{"line":20,"column":21}}},"fnMap":{"0":{"name":"(anonymous_3)","decl":{"start":{"line":6,"column":4},"end":{"line":6,"column":16}},"loc":{"start":{"line":6,"column":29},"end":{"line":8,"column":5}}},"1":{"name":"(anonymous_4)","decl":{"start":{"line":16,"column":14},"end":{"line":16,"column":17}},"loc":{"start":{"line":16,"column":20},"end":{"line":16,"column":24}}},"2":{"name":"(anonymous_5)","decl":{"start":{"line":16,"column":26},"end":{"line":16,"column":27}},"loc":{"start":{"line":16,"column":36},"end":{"line":16,"column":46}}}},"branchMap":{},"s":{"0":2,"1":2,"2":2,"3":54,"4":2,"5":2,"6":2,"7":6,"8":6,"9":2,"10":2},"f":{"0":54,"1":6,"2":6},"b":{}}
,"C:\\Users\\v.cristiane.ribeiro\\Documents\\Studies\\alura-challenges\\back-end\\api-jornada-milhas\\src\\models\\Testimonial.ts": {"path":"C:\\Users\\v.cristiane.ribeiro\\Documents\\Studies\\alura-challenges\\back-end\\api-jornada-milhas\\src\\models\\Testimonial.ts","statementMap":{"0":{"start":{"line":1,"column":0},"end":{"line":1,"column":86}},"1":{"start":{"line":2,"column":0},"end":{"line":2,"column":26}},"2":{"start":{"line":4,"column":0},"end":{"line":19,"column":null}},"3":{"start":{"line":7,"column":8},"end":{"line":7,"column":25}},"4":{"start":{"line":8,"column":8},"end":{"line":8,"column":25}},"5":{"start":{"line":12,"column":4},"end":{"line":12,"column":null}},"6":{"start":{"line":15,"column":4},"end":{"line":15,"column":null}},"7":{"start":{"line":18,"column":4},"end":{"line":18,"column":null}},"8":{"start":{"line":17,"column":21},"end":{"line":17,"column":25}},"9":{"start":{"line":17,"column":37},"end":{"line":17,"column":54}},"10":{"start":{"line":5,"column":6},"end":{"line":19,"column":null}},"11":{"start":{"line":21,"column":0},"end":{"line":21,"column":27}}},"fnMap":{"0":{"name":"(anonymous_3)","decl":{"start":{"line":6,"column":4},"end":{"line":6,"column":17}},"loc":{"start":{"line":6,"column":41},"end":{"line":9,"column":5}}},"1":{"name":"(anonymous_4)","decl":{"start":{"line":17,"column":15},"end":{"line":17,"column":18}},"loc":{"start":{"line":17,"column":21},"end":{"line":17,"column":25}}},"2":{"name":"(anonymous_5)","decl":{"start":{"line":17,"column":27},"end":{"line":17,"column":28}},"loc":{"start":{"line":17,"column":37},"end":{"line":17,"column":54}}}},"branchMap":{},"s":{"0":2,"1":2,"2":2,"3":29,"4":29,"5":2,"6":2,"7":2,"8":6,"9":6,"10":2,"11":2},"f":{"0":29,"1":6,"2":6},"b":{}}
,"C:\\Users\\v.cristiane.ribeiro\\Documents\\Studies\\alura-challenges\\back-end\\api-jornada-milhas\\src\\models\\User.ts": {"path":"C:\\Users\\v.cristiane.ribeiro\\Documents\\Studies\\alura-challenges\\back-end\\api-jornada-milhas\\src\\models\\User.ts","statementMap":{"0":{"start":{"line":1,"column":0},"end":{"line":1,"column":108}},"1":{"start":{"line":2,"column":0},"end":{"line":2,"column":40}},"2":{"start":{"line":3,"column":0},"end":{"line":3,"column":28}},"3":{"start":{"line":5,"column":0},"end":{"line":24,"column":null}},"4":{"start":{"line":8,"column":8},"end":{"line":8,"column":25}},"5":{"start":{"line":9,"column":8},"end":{"line":9,"column":27}},"6":{"start":{"line":13,"column":4},"end":{"line":13,"column":null}},"7":{"start":{"line":16,"column":4},"end":{"line":16,"column":null}},"8":{"start":{"line":20,"column":4},"end":{"line":20,"column":null}},"9":{"start":{"line":18,"column":20},"end":{"line":18,"column":25}},"10":{"start":{"line":18,"column":38},"end":{"line":18,"column":49}},"11":{"start":{"line":23,"column":4},"end":{"line":23,"column":null}},"12":{"start":{"line":22,"column":21},"end":{"line":22,"column":32}},"13":{"start":{"line":22,"column":51},"end":{"line":22,"column":67}},"14":{"start":{"line":6,"column":6},"end":{"line":24,"column":null}},"15":{"start":{"line":26,"column":0},"end":{"line":26,"column":20}}},"fnMap":{"0":{"name":"(anonymous_3)","decl":{"start":{"line":7,"column":4},"end":{"line":7,"column":17}},"loc":{"start":{"line":7,"column":45},"end":{"line":10,"column":5}}},"1":{"name":"(anonymous_4)","decl":{"start":{"line":18,"column":14},"end":{"line":18,"column":17}},"loc":{"start":{"line":18,"column":20},"end":{"line":18,"column":25}}},"2":{"name":"(anonymous_5)","decl":{"start":{"line":18,"column":27},"end":{"line":18,"column":28}},"loc":{"start":{"line":18,"column":38},"end":{"line":18,"column":49}}},"3":{"name":"(anonymous_6)","decl":{"start":{"line":22,"column":15},"end":{"line":22,"column":18}},"loc":{"start":{"line":22,"column":21},"end":{"line":22,"column":32}}},"4":{"name":"(anonymous_7)","decl":{"start":{"line":22,"column":34},"end":{"line":22,"column":35}},"loc":{"start":{"line":22,"column":51},"end":{"line":22,"column":67}}}},"branchMap":{},"s":{"0":2,"1":2,"2":2,"3":2,"4":52,"5":52,"6":2,"7":2,"8":2,"9":6,"10":6,"11":2,"12":6,"13":6,"14":2,"15":2},"f":{"0":52,"1":6,"2":6,"3":6,"4":6},"b":{}}
,"C:\\Users\\v.cristiane.ribeiro\\Documents\\Studies\\alura-challenges\\back-end\\api-jornada-milhas\\src\\repositories\\image.ts": {"path":"C:\\Users\\v.cristiane.ribeiro\\Documents\\Studies\\alura-challenges\\back-end\\api-jornada-milhas\\src\\repositories\\image.ts","statementMap":{"0":{"start":{"line":1,"column":0},"end":{"line":1,"column":54}},"1":{"start":{"line":3,"column":0},"end":{"line":3,"column":36}},"2":{"start":{"line":5,"column":43},"end":{"line":5,"column":77}},"3":{"start":{"line":7,"column":9},"end":{"line":7,"column":24}}},"fnMap":{},"branchMap":{},"s":{"0":2,"1":2,"2":2,"3":2},"f":{},"b":{}}
,"C:\\Users\\v.cristiane.ribeiro\\Documents\\Studies\\alura-challenges\\back-end\\api-jornada-milhas\\src\\repositories\\testimonial.ts": {"path":"C:\\Users\\v.cristiane.ribeiro\\Documents\\Studies\\alura-challenges\\back-end\\api-jornada-milhas\\src\\repositories\\testimonial.ts","statementMap":{"0":{"start":{"line":1,"column":0},"end":{"line":1,"column":48}},"1":{"start":{"line":2,"column":0},"end":{"line":2,"column":54}},"2":{"start":{"line":6,"column":1},"end":{"line":6,"column":41}},"3":{"start":{"line":8,"column":9},"end":{"line":8,"column":30}}},"fnMap":{},"branchMap":{},"s":{"0":2,"1":2,"2":2,"3":2},"f":{},"b":{}}
,"C:\\Users\\v.cristiane.ribeiro\\Documents\\Studies\\alura-challenges\\back-end\\api-jornada-milhas\\src\\repositories\\user.ts": {"path":"C:\\Users\\v.cristiane.ribeiro\\Documents\\Studies\\alura-challenges\\back-end\\api-jornada-milhas\\src\\repositories\\user.ts","statementMap":{"0":{"start":{"line":1,"column":0},"end":{"line":1,"column":34}},"1":{"start":{"line":2,"column":0},"end":{"line":2,"column":54}},"2":{"start":{"line":4,"column":23},"end":{"line":4,"column":56}},"3":{"start":{"line":12,"column":9},"end":{"line":12,"column":23}},"4":{"start":{"line":6,"column":20},"end":{"line":10,"column":3}},"5":{"start":{"line":7,"column":1},"end":{"line":10,"column":3}},"6":{"start":{"line":12,"column":25},"end":{"line":12,"column":36}}},"fnMap":{"0":{"name":"(anonymous_1)","decl":{"start":{"line":6,"column":20},"end":{"line":6,"column":25}},"loc":{"start":{"line":7,"column":1},"end":{"line":10,"column":3}}}},"branchMap":{},"s":{"0":2,"1":2,"2":2,"3":2,"4":2,"5":0,"6":2},"f":{"0":0},"b":{}}
,"C:\\Users\\v.cristiane.ribeiro\\Documents\\Studies\\alura-challenges\\back-end\\api-jornada-milhas\\src\\routes\\index.ts": {"path":"C:\\Users\\v.cristiane.ribeiro\\Documents\\Studies\\alura-challenges\\back-end\\api-jornada-milhas\\src\\routes\\index.ts","statementMap":{"0":{"start":{"line":1,"column":0},"end":{"line":1,"column":30}},"1":{"start":{"line":2,"column":0},"end":{"line":2,"column":24}},"2":{"start":{"line":3,"column":0},"end":{"line":3,"column":48}},"3":{"start":{"line":4,"column":0},"end":{"line":4,"column":33}},"4":{"start":{"line":5,"column":0},"end":{"line":5,"column":52}},"5":{"start":{"line":7,"column":15},"end":{"line":14,"column":1}},"6":{"start":{"line":9,"column":4},"end":{"line":9,"column":29}},"7":{"start":{"line":10,"column":4},"end":{"line":10,"column":30}},"8":{"start":{"line":11,"column":4},"end":{"line":11,"column":39}},"9":{"start":{"line":12,"column":1},"end":{"line":12,"column":46}},"10":{"start":{"line":16,"column":0},"end":{"line":16,"column":22}}},"fnMap":{"0":{"name":"(anonymous_1)","decl":{"start":{"line":7,"column":15},"end":{"line":7,"column":16}},"loc":{"start":{"line":7,"column":28},"end":{"line":14,"column":1}}}},"branchMap":{},"s":{"0":2,"1":2,"2":2,"3":2,"4":2,"5":2,"6":2,"7":2,"8":2,"9":2,"10":2},"f":{"0":2},"b":{}}
,"C:\\Users\\v.cristiane.ribeiro\\Documents\\Studies\\alura-challenges\\back-end\\api-jornada-milhas\\src\\routes\\testimonialsRoutes.ts": {"path":"C:\\Users\\v.cristiane.ribeiro\\Documents\\Studies\\alura-challenges\\back-end\\api-jornada-milhas\\src\\routes\\testimonialsRoutes.ts","statementMap":{"0":{"start":{"line":1,"column":0},"end":{"line":1,"column":30}},"1":{"start":{"line":2,"column":0},"end":{"line":2,"column":76}},"2":{"start":{"line":4,"column":15},"end":{"line":4,"column":31}},"3":{"start":{"line":6,"column":0},"end":{"line":12,"column":75}},"4":{"start":{"line":14,"column":0},"end":{"line":14,"column":22}}},"fnMap":{},"branchMap":{},"s":{"0":2,"1":2,"2":2,"3":2,"4":2},"f":{},"b":{}}
,"C:\\Users\\v.cristiane.ribeiro\\Documents\\Studies\\alura-challenges\\back-end\\api-jornada-milhas\\src\\routes\\userRoutes.ts": {"path":"C:\\Users\\v.cristiane.ribeiro\\Documents\\Studies\\alura-challenges\\back-end\\api-jornada-milhas\\src\\routes\\userRoutes.ts","statementMap":{"0":{"start":{"line":1,"column":0},"end":{"line":1,"column":30}},"1":{"start":{"line":2,"column":0},"end":{"line":2,"column":61}},"2":{"start":{"line":3,"column":0},"end":{"line":3,"column":28}},"3":{"start":{"line":4,"column":0},"end":{"line":4,"column":77}},"4":{"start":{"line":6,"column":16},"end":{"line":6,"column":62}},"5":{"start":{"line":8,"column":15},"end":{"line":8,"column":34}},"6":{"start":{"line":10,"column":15},"end":{"line":10,"column":31}},"7":{"start":{"line":12,"column":0},"end":{"line":17,"column":57}},"8":{"start":{"line":19,"column":0},"end":{"line":19,"column":22}}},"fnMap":{},"branchMap":{},"s":{"0":2,"1":2,"2":2,"3":2,"4":2,"5":2,"6":2,"7":2,"8":2},"f":{},"b":{}}
,"C:\\Users\\v.cristiane.ribeiro\\Documents\\Studies\\alura-challenges\\back-end\\api-jornada-milhas\\src\\utils\\delete-file.ts": {"path":"C:\\Users\\v.cristiane.ribeiro\\Documents\\Studies\\alura-challenges\\back-end\\api-jornada-milhas\\src\\utils\\delete-file.ts","statementMap":{"0":{"start":{"line":1,"column":0},"end":{"line":1,"column":42}},"1":{"start":{"line":4,"column":1},"end":{"line":10,"column":null}},"2":{"start":{"line":5,"column":23},"end":{"line":5,"column":49}},"3":{"start":{"line":6,"column":8},"end":{"line":6,"column":44}},"4":{"start":{"line":7,"column":8},"end":{"line":7,"column":22}},"5":{"start":{"line":9,"column":8},"end":{"line":9,"column":20}},"6":{"start":{"line":13,"column":0},"end":{"line":13,"column":26}}},"fnMap":{"0":{"name":"deleteFile","decl":{"start":{"line":3,"column":15},"end":{"line":3,"column":25}},"loc":{"start":{"line":3,"column":46},"end":{"line":11,"column":1}}}},"branchMap":{},"s":{"0":2,"1":0,"2":0,"3":0,"4":0,"5":0,"6":2},"f":{"0":0},"b":{}}
,"C:\\Users\\v.cristiane.ribeiro\\Documents\\Studies\\alura-challenges\\back-end\\api-jornada-milhas\\src\\utils\\multer-storage-setting.ts": {"path":"C:\\Users\\v.cristiane.ribeiro\\Documents\\Studies\\alura-challenges\\back-end\\api-jornada-milhas\\src\\utils\\multer-storage-setting.ts","statementMap":{"0":{"start":{"line":1,"column":0},"end":{"line":1,"column":37}},"1":{"start":{"line":2,"column":0},"end":{"line":2,"column":33}},"2":{"start":{"line":4,"column":20},"end":{"line":4,"column":22}},"3":{"start":{"line":24,"column":4},"end":{"line":24,"column":17}},"4":{"start":{"line":6,"column":35},"end":{"line":20,"column":null}},"5":{"start":{"line":8,"column":8},"end":{"line":8,"column":null}},"6":{"start":{"line":12,"column":29},"end":{"line":12,"column":60}},"7":{"start":{"line":13,"column":28},"end":{"line":13,"column":62}},"8":{"start":{"line":14,"column":29},"end":{"line":14,"column":61}},"9":{"start":{"line":16,"column":8},"end":{"line":16,"column":81}},"10":{"start":{"line":18,"column":8},"end":{"line":18,"column":37}},"11":{"start":{"line":23,"column":4},"end":{"line":23,"column":30}}},"fnMap":{"0":{"name":"(anonymous_0)","decl":{"start":{"line":7,"column":17},"end":{"line":7,"column":27}},"loc":{"start":{"line":7,"column":94},"end":{"line":9,"column":5}}},"1":{"name":"(anonymous_1)","decl":{"start":{"line":10,"column":14},"end":{"line":10,"column":24}},"loc":{"start":{"line":10,"column":90},"end":{"line":19,"column":5}}}},"branchMap":{},"s":{"0":2,"1":2,"2":2,"3":2,"4":2,"5":0,"6":0,"7":0,"8":0,"9":0,"10":0,"11":2},"f":{"0":0,"1":0},"b":{}}
}
