TN:
SF:src\app.ts
FN:9,(anonymous_1)
FN:10,(anonymous_2)
FNF:2
FNH:1
FNDA:1,(anonymous_1)
FNDA:0,(anonymous_2)
DA:1,1
DA:2,1
DA:3,1
DA:4,1
DA:5,1
DA:6,1
DA:8,1
DA:9,1
DA:10,0
DA:12,1
DA:14,1
DA:16,1
DA:17,1
DA:18,1
DA:21,1
LF:15
LH:14
BRF:0
BRH:0
end_of_record
TN:
SF:src\config\cors-options.ts
FN:9,(anonymous_0)
FNF:1
FNH:1
FNDA:8,(anonymous_0)
DA:3,1
DA:8,1
DA:10,8
DA:11,8
DA:13,0
DA:19,1
LF:6
LH:5
BRDA:10,0,0,8
BRDA:10,0,1,0
BRDA:10,1,0,8
BRDA:10,1,1,8
BRF:4
BRH:3
end_of_record
TN:
SF:src\config\data-source.ts
FNF:0
FNH:0
DA:1,1
DA:2,1
DA:3,1
DA:4,1
DA:6,1
DA:10,1
DA:22,1
DA:24,1
LF:8
LH:8
BRF:0
BRH:0
end_of_record
TN:
SF:src\controllers\ImagesController.ts
FN:7,(anonymous_1)
FN:18,(anonymous_2)
FN:35,(anonymous_3)
FN:54,(anonymous_4)
FN:60,(anonymous_5)
FN:61,(anonymous_6)
FNF:6
FNH:5
FNDA:1,(anonymous_1)
FNDA:2,(anonymous_2)
FNDA:1,(anonymous_3)
FNDA:2,(anonymous_4)
FNDA:2,(anonymous_5)
FNDA:0,(anonymous_6)
DA:1,1
DA:3,1
DA:4,1
DA:9,1
DA:10,1
DA:11,1
DA:13,0
DA:20,2
DA:21,2
DA:22,2
DA:25,2
DA:27,2
DA:28,2
DA:30,0
DA:37,1
DA:39,1
DA:40,0
DA:42,1
DA:43,1
DA:44,1
DA:45,1
DA:46,1
DA:50,0
DA:56,2
DA:57,2
DA:58,2
DA:60,2
DA:62,0
DA:65,0
DA:71,1
LF:30
LH:24
BRDA:39,0,0,0
BRDA:39,0,1,1
BRDA:39,1,0,1
BRDA:39,1,1,1
BRF:4
BRH:3
end_of_record
TN:
SF:src\controllers\TestimonialsController.ts
FN:10,(anonymous_1)
FN:23,(anonymous_2)
FN:24,(anonymous_3)
FN:35,(anonymous_4)
FN:59,(anonymous_5)
FN:90,(anonymous_6)
FN:121,(anonymous_7)
FN:144,(anonymous_8)
FNF:8
FNH:0
FNDA:0,(anonymous_1)
FNDA:0,(anonymous_2)
FNDA:0,(anonymous_3)
FNDA:0,(anonymous_4)
FNDA:0,(anonymous_5)
FNDA:0,(anonymous_6)
FNDA:0,(anonymous_7)
FNDA:0,(anonymous_8)
DA:2,1
DA:3,1
DA:4,1
DA:5,1
DA:7,1
DA:15,0
DA:16,0
DA:24,0
DA:27,0
DA:31,0
DA:40,0
DA:42,0
DA:43,0
DA:51,0
DA:55,0
DA:64,0
DA:65,0
DA:67,0
DA:68,0
DA:69,0
DA:70,0
DA:71,0
DA:74,0
DA:79,0
DA:86,0
DA:95,0
DA:96,0
DA:97,0
DA:99,0
DA:101,0
DA:102,0
DA:103,0
DA:104,0
DA:107,0
DA:112,0
DA:117,0
DA:126,0
DA:127,0
DA:129,0
DA:131,0
DA:133,0
DA:134,0
DA:135,0
DA:137,0
DA:140,0
DA:149,0
DA:152,0
DA:153,0
DA:155,0
DA:159,0
DA:164,1
LF:51
LH:6
BRDA:27,0,0,0
BRDA:27,0,1,0
BRDA:51,1,0,0
BRDA:51,1,1,0
BRDA:69,2,0,0
BRDA:69,2,1,0
BRDA:102,3,0,0
BRDA:102,3,1,0
BRDA:133,4,0,0
BRDA:133,4,1,0
BRDA:155,5,0,0
BRDA:155,5,1,0
BRF:12
BRH:0
end_of_record
TN:
SF:src\controllers\UsersController.ts
FN:11,(anonymous_1)
FN:26,(anonymous_2)
FN:45,(anonymous_3)
FN:65,(anonymous_4)
FN:99,(anonymous_5)
FNF:5
FNH:4
FNDA:1,(anonymous_1)
FNDA:0,(anonymous_2)
FNDA:1,(anonymous_3)
FNDA:3,(anonymous_4)
FNDA:2,(anonymous_5)
DA:2,1
DA:3,1
DA:4,1
DA:5,1
DA:6,1
DA:7,1
DA:8,1
DA:12,1
DA:13,1
DA:18,1
DA:22,0
DA:27,0
DA:29,0
DA:30,0
DA:37,0
DA:41,0
DA:46,1
DA:47,1
DA:48,1
DA:49,1
DA:51,1
DA:52,1
DA:53,1
DA:55,1
DA:61,0
DA:66,3
DA:67,3
DA:68,3
DA:70,3
DA:71,3
DA:73,3
DA:74,2
DA:76,2
DA:77,2
DA:82,2
DA:90,1
DA:95,0
DA:100,2
DA:102,2
DA:104,2
DA:105,2
DA:109,2
DA:110,1
DA:111,1
DA:113,1
DA:115,1
DA:117,1
DA:118,0
DA:121,1
DA:126,0
DA:131,1
LF:51
LH:41
BRDA:18,0,0,1
BRDA:18,0,1,0
BRDA:37,1,0,0
BRDA:37,1,1,0
BRDA:73,2,0,2
BRDA:73,2,1,1
BRDA:109,3,0,1
BRDA:109,3,1,1
BRDA:117,4,0,0
BRDA:117,5,0,1
BRDA:117,5,1,0
BRF:11
BRH:6
end_of_record
TN:
SF:src\errors\ErrorBase.ts
FN:7,(anonymous_0)
FN:15,(anonymous_1)
FNF:2
FNH:2
FNDA:3,(anonymous_0)
FNDA:2,(anonymous_1)
DA:11,3
DA:12,3
DA:16,2
DA:23,1
LF:4
LH:4
BRDA:8,0,0,0
BRDA:9,1,0,0
BRF:2
BRH:0
end_of_record
TN:
SF:src\errors\NotFound.ts
FN:5,(anonymous_1)
FNF:1
FNH:1
FNDA:3,(anonymous_1)
DA:1,1
DA:6,3
DA:7,3
DA:11,1
LF:4
LH:4
BRDA:5,0,0,1
BRF:1
BRH:1
end_of_record
TN:
SF:src\middlewares\handle404.ts
FN:4,handle404
FNF:1
FNH:1
FNDA:1,handle404
DA:2,1
DA:5,1
DA:6,1
DA:7,1
DA:10,1
LF:5
LH:5
BRF:0
BRH:0
end_of_record
TN:
SF:src\middlewares\handleErrors.ts
FN:4,(anonymous_1)
FNF:1
FNH:1
FNDA:2,(anonymous_1)
DA:2,1
DA:4,1
DA:10,2
DA:11,2
DA:13,0
DA:17,1
LF:6
LH:5
BRDA:10,0,0,2
BRDA:10,0,1,0
BRF:2
BRH:1
end_of_record
TN:
SF:src\models\Image.ts
FN:6,(anonymous_3)
FN:16,(anonymous_4)
FN:16,(anonymous_5)
FNF:3
FNH:3
FNDA:30,(anonymous_3)
FNDA:9,(anonymous_4)
FNDA:9,(anonymous_5)
DA:1,1
DA:2,1
DA:4,1
DA:5,1
DA:7,30
DA:11,1
DA:14,1
DA:16,9
DA:17,1
DA:20,1
LF:10
LH:10
BRF:0
BRH:0
end_of_record
TN:
SF:src\models\Testimonial.ts
FN:6,(anonymous_3)
FN:17,(anonymous_4)
FN:17,(anonymous_5)
FNF:3
FNH:3
FNDA:9,(anonymous_3)
FNDA:9,(anonymous_4)
FNDA:9,(anonymous_5)
DA:1,1
DA:2,1
DA:4,1
DA:5,1
DA:7,9
DA:8,9
DA:12,1
DA:15,1
DA:17,9
DA:18,1
DA:21,1
LF:11
LH:11
BRF:0
BRH:0
end_of_record
TN:
SF:src\models\User.ts
FN:15,(anonymous_3)
FN:26,(anonymous_4)
FN:26,(anonymous_5)
FN:34,(anonymous_6)
FN:34,(anonymous_7)
FNF:5
FNH:5
FNDA:24,(anonymous_3)
FNDA:9,(anonymous_4)
FNDA:9,(anonymous_5)
FNDA:9,(anonymous_6)
FNDA:9,(anonymous_7)
DA:1,1
DA:10,1
DA:11,1
DA:13,1
DA:14,1
DA:16,24
DA:17,24
DA:21,1
DA:24,1
DA:26,9
DA:32,1
DA:34,9
DA:37,1
DA:40,1
LF:14
LH:14
BRF:0
BRH:0
end_of_record
TN:
SF:src\repositories\image.ts
FNF:0
FNH:0
DA:1,1
DA:3,1
DA:5,1
DA:7,1
LF:4
LH:4
BRF:0
BRH:0
end_of_record
TN:
SF:src\repositories\testimonial.ts
FNF:0
FNH:0
DA:1,1
DA:2,1
DA:6,1
DA:8,1
LF:4
LH:4
BRF:0
BRH:0
end_of_record
TN:
SF:src\repositories\user.ts
FN:6,(anonymous_1)
FNF:1
FNH:0
FNDA:0,(anonymous_1)
DA:1,1
DA:2,1
DA:4,1
DA:6,1
DA:7,0
DA:12,1
LF:6
LH:5
BRF:0
BRH:0
end_of_record
TN:
SF:src\routes\index.ts
FN:7,(anonymous_1)
FNF:1
FNH:1
FNDA:1,(anonymous_1)
DA:1,1
DA:2,1
DA:3,1
DA:4,1
DA:5,1
DA:7,1
DA:9,1
DA:10,1
DA:11,1
DA:12,1
DA:16,1
LF:11
LH:11
BRF:0
BRH:0
end_of_record
TN:
SF:src\routes\testimonialsRoutes.ts
FNF:0
FNH:0
DA:1,1
DA:2,1
DA:4,1
DA:6,1
DA:14,1
LF:5
LH:5
BRF:0
BRH:0
end_of_record
TN:
SF:src\routes\userRoutes.ts
FNF:0
FNH:0
DA:1,1
DA:2,1
DA:3,1
DA:4,1
DA:6,1
DA:8,1
DA:10,1
DA:12,1
DA:19,1
LF:9
LH:9
BRF:0
BRH:0
end_of_record
TN:
SF:src\utils\delete-file.ts
FN:4,deleteFile
FNF:1
FNH:1
FNDA:1,deleteFile
DA:1,1
DA:2,1
DA:5,1
DA:6,1
DA:7,1
DA:8,1
DA:10,0
DA:14,1
LF:8
LH:7
BRF:0
BRH:0
end_of_record
TN:
SF:src\utils\file-exists.ts
FN:3,fileExists
FNF:1
FNH:1
FNDA:1,fileExists
DA:1,1
DA:4,1
DA:8,1
LF:3
LH:3
BRF:0
BRH:0
end_of_record
TN:
SF:src\utils\multer-storage-setting.ts
FN:7,(anonymous_0)
FN:11,(anonymous_1)
FNF:2
FNH:2
FNDA:2,(anonymous_0)
FNDA:2,(anonymous_1)
DA:1,1
DA:2,1
DA:4,1
DA:6,1
DA:8,2
DA:9,2
DA:13,2
DA:14,2
DA:15,2
DA:17,2
DA:19,2
DA:24,1
DA:25,1
LF:13
LH:13
BRF:0
BRH:0
end_of_record
