TN:
SF:src\app.ts
FN:9,(anonymous_1)
FN:10,(anonymous_2)
FNF:2
FNH:1
FNDA:2,(anonymous_1)
FNDA:0,(anonymous_2)
DA:1,2
DA:2,2
DA:3,2
DA:4,2
DA:5,2
DA:6,2
DA:8,2
DA:9,2
DA:10,0
DA:12,2
DA:14,2
DA:16,2
DA:17,2
DA:18,2
DA:21,2
LF:15
LH:14
BRF:0
BRH:0
end_of_record
TN:
SF:src\server.ts
FN:8,(anonymous_1)
FNF:1
FNH:0
FNDA:0,(anonymous_1)
DA:1,2
DA:2,2
DA:4,2
DA:6,2
DA:8,0
DA:9,0
DA:15,2
LF:7
LH:5
BRDA:6,0,0,0
BRF:1
BRH:0
end_of_record
TN:
SF:src\config\cors-options.ts
FN:9,(anonymous_0)
FNF:1
FNH:1
FNDA:14,(anonymous_0)
DA:3,2
DA:8,2
DA:10,14
DA:11,14
DA:13,0
DA:19,2
LF:6
LH:5
BRDA:10,0,0,14
BRDA:10,0,1,0
BRDA:10,1,0,14
BRDA:10,1,1,14
BRF:4
BRH:3
end_of_record
TN:
SF:src\config\data-source.ts
FNF:0
FNH:0
DA:1,2
DA:2,2
DA:3,2
DA:4,2
DA:6,2
DA:10,2
DA:22,2
DA:24,2
LF:8
LH:8
BRF:0
BRH:0
end_of_record
TN:
SF:src\controllers\ImagesController.ts
FN:7,(anonymous_1)
FN:17,(anonymous_2)
FN:33,(anonymous_3)
FN:52,(anonymous_4)
FN:58,(anonymous_5)
FN:59,(anonymous_6)
FNF:6
FNH:0
FNDA:0,(anonymous_1)
FNDA:0,(anonymous_2)
FNDA:0,(anonymous_3)
FNDA:0,(anonymous_4)
FNDA:0,(anonymous_5)
FNDA:0,(anonymous_6)
DA:1,2
DA:3,2
DA:4,2
DA:9,0
DA:10,0
DA:12,0
DA:19,0
DA:20,0
DA:21,0
DA:24,0
DA:26,0
DA:28,0
DA:35,0
DA:37,0
DA:38,0
DA:40,0
DA:41,0
DA:42,0
DA:43,0
DA:44,0
DA:48,0
DA:54,0
DA:55,0
DA:56,0
DA:58,0
DA:60,0
DA:63,0
DA:69,2
LF:28
LH:4
BRDA:37,0,0,0
BRDA:37,0,1,0
BRDA:37,1,0,0
BRDA:37,1,1,0
BRF:4
BRH:0
end_of_record
TN:
SF:src\controllers\TestimonialsController.ts
FN:10,(anonymous_1)
FN:23,(anonymous_2)
FN:24,(anonymous_3)
FN:35,(anonymous_4)
FN:59,(anonymous_5)
FN:90,(anonymous_6)
FN:121,(anonymous_7)
FN:144,(anonymous_8)
FNF:8
FNH:8
FNDA:1,(anonymous_1)
FNDA:1,(anonymous_2)
FNDA:8,(anonymous_3)
FNDA:2,(anonymous_4)
FNDA:2,(anonymous_5)
FNDA:2,(anonymous_6)
FNDA:2,(anonymous_7)
FNDA:2,(anonymous_8)
DA:2,2
DA:3,2
DA:4,2
DA:5,2
DA:7,2
DA:15,1
DA:16,1
DA:24,8
DA:27,1
DA:31,0
DA:40,2
DA:42,2
DA:43,2
DA:51,2
DA:55,0
DA:64,2
DA:65,2
DA:67,2
DA:68,2
DA:69,2
DA:70,1
DA:71,1
DA:74,1
DA:79,1
DA:86,0
DA:95,2
DA:96,2
DA:97,2
DA:99,2
DA:101,2
DA:102,2
DA:103,1
DA:104,1
DA:107,1
DA:112,1
DA:117,0
DA:126,2
DA:127,2
DA:129,2
DA:131,2
DA:133,2
DA:134,1
DA:135,1
DA:137,1
DA:140,0
DA:149,2
DA:152,2
DA:153,2
DA:155,2
DA:159,0
DA:164,2
LF:51
LH:45
BRDA:27,0,0,1
BRDA:27,0,1,0
BRDA:51,1,0,1
BRDA:51,1,1,1
BRDA:69,2,0,1
BRDA:69,2,1,1
BRDA:102,3,0,1
BRDA:102,3,1,1
BRDA:133,4,0,1
BRDA:133,4,1,1
BRDA:155,5,0,2
BRDA:155,5,1,0
BRF:12
BRH:10
end_of_record
TN:
SF:src\controllers\UsersController.ts
FN:11,(anonymous_1)
FN:26,(anonymous_2)
FN:42,(anonymous_3)
FN:61,(anonymous_4)
FN:86,(anonymous_5)
FNF:5
FNH:1
FNDA:1,(anonymous_1)
FNDA:0,(anonymous_2)
FNDA:0,(anonymous_3)
FNDA:0,(anonymous_4)
FNDA:0,(anonymous_5)
DA:2,2
DA:3,2
DA:4,2
DA:5,2
DA:6,2
DA:7,2
DA:8,2
DA:12,1
DA:13,1
DA:18,1
DA:22,0
DA:27,0
DA:28,0
DA:29,0
DA:30,0
DA:32,0
DA:33,0
DA:34,0
DA:36,0
DA:38,0
DA:43,0
DA:45,0
DA:46,0
DA:53,0
DA:57,0
DA:62,0
DA:63,0
DA:64,0
DA:66,0
DA:67,0
DA:69,0
DA:70,0
DA:72,0
DA:73,0
DA:75,0
DA:77,0
DA:82,0
DA:87,0
DA:89,0
DA:91,0
DA:92,0
DA:96,0
DA:97,0
DA:98,0
DA:100,0
DA:102,0
DA:104,0
DA:105,0
DA:108,0
DA:113,0
DA:118,2
LF:51
LH:11
BRDA:18,0,0,1
BRDA:18,0,1,0
BRDA:53,1,0,0
BRDA:53,1,1,0
BRDA:69,2,0,0
BRDA:69,2,1,0
BRDA:96,3,0,0
BRDA:96,3,1,0
BRDA:104,4,0,0
BRDA:104,5,0,0
BRDA:104,5,1,0
BRF:11
BRH:1
end_of_record
TN:
SF:src\errors\ErrorBase.ts
FN:7,(anonymous_0)
FN:15,(anonymous_1)
FNF:2
FNH:2
FNDA:6,(anonymous_0)
FNDA:4,(anonymous_1)
DA:11,6
DA:12,6
DA:16,4
DA:23,2
LF:4
LH:4
BRDA:8,0,0,0
BRDA:9,1,0,0
BRF:2
BRH:0
end_of_record
TN:
SF:src\errors\NotFound.ts
FN:5,(anonymous_1)
FNF:1
FNH:1
FNDA:6,(anonymous_1)
DA:1,2
DA:6,6
DA:7,6
DA:11,2
LF:4
LH:4
BRDA:5,0,0,2
BRF:1
BRH:1
end_of_record
TN:
SF:src\middlewares\handle404.ts
FN:4,handle404
FNF:1
FNH:1
FNDA:2,handle404
DA:2,2
DA:5,2
DA:6,2
DA:7,2
DA:10,2
LF:5
LH:5
BRF:0
BRH:0
end_of_record
TN:
SF:src\middlewares\handleErrors.ts
FN:4,(anonymous_1)
FNF:1
FNH:1
FNDA:4,(anonymous_1)
DA:2,2
DA:4,2
DA:10,4
DA:11,4
DA:13,0
DA:17,2
LF:6
LH:5
BRDA:10,0,0,4
BRDA:10,0,1,0
BRF:2
BRH:1
end_of_record
TN:
SF:src\models\Image.ts
FN:6,(anonymous_3)
FN:16,(anonymous_4)
FN:16,(anonymous_5)
FNF:3
FNH:3
FNDA:34,(anonymous_3)
FNDA:16,(anonymous_4)
FNDA:16,(anonymous_5)
DA:1,2
DA:2,2
DA:4,2
DA:5,2
DA:7,34
DA:11,2
DA:14,2
DA:16,16
DA:17,2
DA:20,2
LF:10
LH:10
BRF:0
BRH:0
end_of_record
TN:
SF:src\models\Testimonial.ts
FN:6,(anonymous_3)
FN:17,(anonymous_4)
FN:17,(anonymous_5)
FNF:3
FNH:3
FNDA:31,(anonymous_3)
FNDA:16,(anonymous_4)
FNDA:16,(anonymous_5)
DA:1,2
DA:2,2
DA:4,2
DA:5,2
DA:7,31
DA:8,31
DA:12,2
DA:15,2
DA:17,16
DA:18,2
DA:21,2
LF:11
LH:11
BRF:0
BRH:0
end_of_record
TN:
SF:src\models\User.ts
FN:15,(anonymous_3)
FN:26,(anonymous_4)
FN:26,(anonymous_5)
FN:34,(anonymous_6)
FN:34,(anonymous_7)
FNF:5
FNH:5
FNDA:34,(anonymous_3)
FNDA:16,(anonymous_4)
FNDA:16,(anonymous_5)
FNDA:16,(anonymous_6)
FNDA:16,(anonymous_7)
DA:1,2
DA:10,2
DA:11,2
DA:13,2
DA:14,2
DA:16,34
DA:17,34
DA:21,2
DA:24,2
DA:26,16
DA:32,2
DA:34,16
DA:37,2
DA:40,2
LF:14
LH:14
BRF:0
BRH:0
end_of_record
TN:
SF:src\repositories\image.ts
FNF:0
FNH:0
DA:1,2
DA:3,2
DA:5,2
DA:7,2
LF:4
LH:4
BRF:0
BRH:0
end_of_record
TN:
SF:src\repositories\testimonial.ts
FNF:0
FNH:0
DA:1,2
DA:2,2
DA:6,2
DA:8,2
LF:4
LH:4
BRF:0
BRH:0
end_of_record
TN:
SF:src\repositories\user.ts
FN:6,(anonymous_1)
FNF:1
FNH:1
FNDA:2,(anonymous_1)
DA:1,2
DA:2,2
DA:4,2
DA:6,2
DA:7,2
DA:12,2
LF:6
LH:6
BRF:0
BRH:0
end_of_record
TN:
SF:src\routes\index.ts
FN:7,(anonymous_1)
FNF:1
FNH:1
FNDA:2,(anonymous_1)
DA:1,2
DA:2,2
DA:3,2
DA:4,2
DA:5,2
DA:7,2
DA:9,2
DA:10,2
DA:11,2
DA:12,2
DA:16,2
LF:11
LH:11
BRF:0
BRH:0
end_of_record
TN:
SF:src\routes\testimonialsRoutes.ts
FNF:0
FNH:0
DA:1,2
DA:2,2
DA:4,2
DA:6,2
DA:14,2
LF:5
LH:5
BRF:0
BRH:0
end_of_record
TN:
SF:src\routes\userRoutes.ts
FNF:0
FNH:0
DA:1,2
DA:2,2
DA:3,2
DA:4,2
DA:6,2
DA:8,2
DA:10,2
DA:12,2
DA:19,2
LF:9
LH:9
BRF:0
BRH:0
end_of_record
TN:
SF:src\utils\delete-file.ts
FN:4,deleteFile
FN:14,isThisFileInTheFolder
FNF:2
FNH:0
FNDA:0,deleteFile
FNDA:0,isThisFileInTheFolder
DA:1,2
DA:2,2
DA:5,0
DA:6,0
DA:7,0
DA:8,0
DA:10,0
DA:15,0
DA:16,0
DA:19,2
LF:10
LH:3
BRF:0
BRH:0
end_of_record
TN:
SF:src\utils\multer-storage-setting.ts
FN:7,(anonymous_0)
FN:11,(anonymous_1)
FNF:2
FNH:0
FNDA:0,(anonymous_0)
FNDA:0,(anonymous_1)
DA:1,2
DA:2,2
DA:4,2
DA:6,2
DA:8,0
DA:9,0
DA:13,0
DA:14,0
DA:15,0
DA:17,0
DA:19,0
DA:24,2
DA:25,2
LF:13
LH:6
BRF:0
BRH:0
end_of_record
